<?xml version="1.0" encoding="UTF-8"?>
<testsuite name="(empty)"
	tests="265"
	failures="0"
	disabled="0"
	skipped="0"
	hostname=""
	time="0"
	timestamp="2026-06-04T14:17:49"
	>
	<testcase name="EngineState.InsertAndFindTrackSection" classname="EngineState.InsertAndFindTrackSection" time="0.00282348" status="run">
		<properties>
			<property name="cmake_labels" value="group:unit-engine-foundation"/>
		</properties>
		<system-out>Running main() from /home/kamil/workspace/symulator/3rdPartyLinux/vcpkg/buildtrees/gtest/src/v1.17.0-0c449efaff.clean/googletest/src/gtest_main.cc
Note: Google Test filter = EngineState.InsertAndFindTrackSection
[==========] Running 1 test from 1 test suite.
[----------] Global test environment set-up.
[----------] 1 test from EngineState
[ RUN      ] EngineState.InsertAndFindTrackSection
[       OK ] EngineState.InsertAndFindTrackSection (0 ms)
[----------] 1 test from EngineState (0 ms total)

[----------] Global test environment tear-down
[==========] 1 test from 1 test suite ran. (0 ms total)
[  PASSED  ] 1 test.
</system-out>
	</testcase>
	<testcase name="EngineState.FindTrackSectionMissing" classname="EngineState.FindTrackSectionMissing" time="0.00256643" status="run">
		<properties>
			<property name="cmake_labels" value="group:unit-engine-foundation"/>
		</properties>
		<system-out>Running main() from /home/kamil/workspace/symulator/3rdPartyLinux/vcpkg/buildtrees/gtest/src/v1.17.0-0c449efaff.clean/googletest/src/gtest_main.cc
Note: Google Test filter = EngineState.FindTrackSectionMissing
[==========] Running 1 test from 1 test suite.
[----------] Global test environment set-up.
[----------] 1 test from EngineState
[ RUN      ] EngineState.FindTrackSectionMissing
[       OK ] EngineState.FindTrackSectionMissing (0 ms)
[----------] 1 test from EngineState (0 ms total)

[----------] Global test environment tear-down
[==========] 1 test from 1 test suite ran. (0 ms total)
[  PASSED  ] 1 test.
</system-out>
	</testcase>
	<testcase name="EngineState.InsertAndFindSwitch" classname="EngineState.InsertAndFindSwitch" time="0.00262126" status="run">
		<properties>
			<property name="cmake_labels" value="group:unit-engine-foundation"/>
		</properties>
		<system-out>Running main() from /home/kamil/workspace/symulator/3rdPartyLinux/vcpkg/buildtrees/gtest/src/v1.17.0-0c449efaff.clean/googletest/src/gtest_main.cc
Note: Google Test filter = EngineState.InsertAndFindSwitch
[==========] Running 1 test from 1 test suite.
[----------] Global test environment set-up.
[----------] 1 test from EngineState
[ RUN      ] EngineState.InsertAndFindSwitch
[       OK ] EngineState.InsertAndFindSwitch (0 ms)
[----------] 1 test from EngineState (0 ms total)

[----------] Global test environment tear-down
[==========] 1 test from 1 test suite ran. (0 ms total)
[  PASSED  ] 1 test.
</system-out>
	</testcase>
	<testcase name="EngineState.FindSwitchMissing" classname="EngineState.FindSwitchMissing" time="0.00252814" status="run">
		<properties>
			<property name="cmake_labels" value="group:unit-engine-foundation"/>
		</properties>
		<system-out>Running main() from /home/kamil/workspace/symulator/3rdPartyLinux/vcpkg/buildtrees/gtest/src/v1.17.0-0c449efaff.clean/googletest/src/gtest_main.cc
Note: Google Test filter = EngineState.FindSwitchMissing
[==========] Running 1 test from 1 test suite.
[----------] Global test environment set-up.
[----------] 1 test from EngineState
[ RUN      ] EngineState.FindSwitchMissing
[       OK ] EngineState.FindSwitchMissing (0 ms)
[----------] 1 test from EngineState (0 ms total)

[----------] Global test environment tear-down
[==========] 1 test from 1 test suite ran. (0 ms total)
[  PASSED  ] 1 test.
</system-out>
	</testcase>
	<testcase name="UidCodec.AllKindsAreSafeJsonIntegers" classname="UidCodec.AllKindsAreSafeJsonIntegers" time="0.00254504" status="run">
		<properties>
			<property name="cmake_labels" value="group:unit-engine-foundation"/>
		</properties>
		<system-out>Running main() from /home/kamil/workspace/symulator/3rdPartyLinux/vcpkg/buildtrees/gtest/src/v1.17.0-0c449efaff.clean/googletest/src/gtest_main.cc
Note: Google Test filter = UidCodec.AllKindsAreSafeJsonIntegers
[==========] Running 1 test from 1 test suite.
[----------] Global test environment set-up.
[----------] 1 test from UidCodec
[ RUN      ] UidCodec.AllKindsAreSafeJsonIntegers
[       OK ] UidCodec.AllKindsAreSafeJsonIntegers (0 ms)
[----------] 1 test from UidCodec (0 ms total)

[----------] Global test environment tear-down
[==========] 1 test from 1 test suite ran. (0 ms total)
[  PASSED  ] 1 test.
</system-out>
	</testcase>
	<testcase name="TrainSlot.DefaultInit" classname="TrainSlot.DefaultInit" time="0.00251356" status="run">
		<properties>
			<property name="cmake_labels" value="group:unit-engine-foundation"/>
		</properties>
		<system-out>Running main() from /home/kamil/workspace/symulator/3rdPartyLinux/vcpkg/buildtrees/gtest/src/v1.17.0-0c449efaff.clean/googletest/src/gtest_main.cc
Note: Google Test filter = TrainSlot.DefaultInit
[==========] Running 1 test from 1 test suite.
[----------] Global test environment set-up.
[----------] 1 test from TrainSlot
[ RUN      ] TrainSlot.DefaultInit
[       OK ] TrainSlot.DefaultInit (0 ms)
[----------] 1 test from TrainSlot (0 ms total)

[----------] Global test environment tear-down
[==========] 1 test from 1 test suite ran. (0 ms total)
[  PASSED  ] 1 test.
</system-out>
	</testcase>
	<testcase name="TrainSlot.EqualityOperator" classname="TrainSlot.EqualityOperator" time="0.00265367" status="run">
		<properties>
			<property name="cmake_labels" value="group:unit-engine-foundation"/>
		</properties>
		<system-out>Running main() from /home/kamil/workspace/symulator/3rdPartyLinux/vcpkg/buildtrees/gtest/src/v1.17.0-0c449efaff.clean/googletest/src/gtest_main.cc
Note: Google Test filter = TrainSlot.EqualityOperator
[==========] Running 1 test from 1 test suite.
[----------] Global test environment set-up.
[----------] 1 test from TrainSlot
[ RUN      ] TrainSlot.EqualityOperator
[       OK ] TrainSlot.EqualityOperator (0 ms)
[----------] 1 test from TrainSlot (0 ms total)

[----------] Global test environment tear-down
[==========] 1 test from 1 test suite ran. (0 ms total)
[  PASSED  ] 1 test.
</system-out>
	</testcase>
	<testcase name="PipEvent.SectionAndStationUids" classname="PipEvent.SectionAndStationUids" time="0.00249799" status="run">
		<properties>
			<property name="cmake_labels" value="group:unit-engine-foundation"/>
		</properties>
		<system-out>Running main() from /home/kamil/workspace/symulator/3rdPartyLinux/vcpkg/buildtrees/gtest/src/v1.17.0-0c449efaff.clean/googletest/src/gtest_main.cc
Note: Google Test filter = PipEvent.SectionAndStationUids
[==========] Running 1 test from 1 test suite.
[----------] Global test environment set-up.
[----------] 1 test from PipEvent
[ RUN      ] PipEvent.SectionAndStationUids
[       OK ] PipEvent.SectionAndStationUids (0 ms)
[----------] 1 test from PipEvent (0 ms total)

[----------] Global test environment tear-down
[==========] 1 test from 1 test suite ran. (0 ms total)
[  PASSED  ] 1 test.
</system-out>
	</testcase>
	<testcase name="PipEvent.SectionAndStationAreDifferentKinds" classname="PipEvent.SectionAndStationAreDifferentKinds" time="0.00249813" status="run">
		<properties>
			<property name="cmake_labels" value="group:unit-engine-foundation"/>
		</properties>
		<system-out>Running main() from /home/kamil/workspace/symulator/3rdPartyLinux/vcpkg/buildtrees/gtest/src/v1.17.0-0c449efaff.clean/googletest/src/gtest_main.cc
Note: Google Test filter = PipEvent.SectionAndStationAreDifferentKinds
[==========] Running 1 test from 1 test suite.
[----------] Global test environment set-up.
[----------] 1 test from PipEvent
[ RUN      ] PipEvent.SectionAndStationAreDifferentKinds
[       OK ] PipEvent.SectionAndStationAreDifferentKinds (0 ms)
[----------] 1 test from PipEvent (0 ms total)

[----------] Global test environment tear-down
[==========] 1 test from 1 test suite ran. (0 ms total)
[  PASSED  ] 1 test.
</system-out>
	</testcase>
	<testcase name="DispatchFormType.AllFormsReachable" classname="DispatchFormType.AllFormsReachable" time="0.00249538" status="run">
		<properties>
			<property name="cmake_labels" value="group:unit-engine-foundation"/>
		</properties>
		<system-out>Running main() from /home/kamil/workspace/symulator/3rdPartyLinux/vcpkg/buildtrees/gtest/src/v1.17.0-0c449efaff.clean/googletest/src/gtest_main.cc
Note: Google Test filter = DispatchFormType.AllFormsReachable
[==========] Running 1 test from 1 test suite.
[----------] Global test environment set-up.
[----------] 1 test from DispatchFormType
[ RUN      ] DispatchFormType.AllFormsReachable
[       OK ] DispatchFormType.AllFormsReachable (0 ms)
[----------] 1 test from DispatchFormType (0 ms total)

[----------] Global test environment tear-down
[==========] 1 test from 1 test suite ran. (0 ms total)
[  PASSED  ] 1 test.
</system-out>
	</testcase>
	<testcase name="TrainCategory.AllValues" classname="TrainCategory.AllValues" time="0.00254935" status="run">
		<properties>
			<property name="cmake_labels" value="group:unit-engine-foundation"/>
		</properties>
		<system-out>Running main() from /home/kamil/workspace/symulator/3rdPartyLinux/vcpkg/buildtrees/gtest/src/v1.17.0-0c449efaff.clean/googletest/src/gtest_main.cc
Note: Google Test filter = TrainCategory.AllValues
[==========] Running 1 test from 1 test suite.
[----------] Global test environment set-up.
[----------] 1 test from TrainCategory
[ RUN      ] TrainCategory.AllValues
[       OK ] TrainCategory.AllValues (0 ms)
[----------] 1 test from TrainCategory (0 ms total)

[----------] Global test environment tear-down
[==========] 1 test from 1 test suite ran. (0 ms total)
[  PASSED  ] 1 test.
</system-out>
	</testcase>
	<testcase name="UidRoundtripCases/UidRoundtripTest.EncodeDecodeRoundtrip/RollingStockCarrier  # GetParam() = 16-byte object &lt;69-08 CA-19 EE-5A 00-00 01-04 00-00 01-00 00-00&gt;" classname="UidRoundtripCases/UidRoundtripTest.EncodeDecodeRoundtrip/RollingStockCarrier  # GetParam() = 16-byte object &lt;69-08 CA-19 EE-5A 00-00 01-04 00-00 01-00 00-00&gt;" time="0.002475" status="run">
		<properties>
			<property name="cmake_labels" value="group:unit-engine-foundation"/>
		</properties>
		<system-out>Running main() from /home/kamil/workspace/symulator/3rdPartyLinux/vcpkg/buildtrees/gtest/src/v1.17.0-0c449efaff.clean/googletest/src/gtest_main.cc
Note: Google Test filter = UidRoundtripCases/UidRoundtripTest.EncodeDecodeRoundtrip/RollingStockCarrier
[==========] Running 1 test from 1 test suite.
[----------] Global test environment set-up.
[----------] 1 test from UidRoundtripCases/UidRoundtripTest
[ RUN      ] UidRoundtripCases/UidRoundtripTest.EncodeDecodeRoundtrip/RollingStockCarrier
[       OK ] UidRoundtripCases/UidRoundtripTest.EncodeDecodeRoundtrip/RollingStockCarrier (0 ms)
[----------] 1 test from UidRoundtripCases/UidRoundtripTest (0 ms total)

[----------] Global test environment tear-down
[==========] 1 test from 1 test suite ran. (0 ms total)
[  PASSED  ] 1 test.
</system-out>
	</testcase>
	<testcase name="UidRoundtripCases/UidRoundtripTest.EncodeDecodeRoundtrip/RollingStockVehicleType  # GetParam() = 16-byte object &lt;7D-08 CA-19 EE-5A 00-00 01-01 B3-01 2A-00 00-00&gt;" classname="UidRoundtripCases/UidRoundtripTest.EncodeDecodeRoundtrip/RollingStockVehicleType  # GetParam() = 16-byte object &lt;7D-08 CA-19 EE-5A 00-00 01-01 B3-01 2A-00 00-00&gt;" time="0.00253228" status="run">
		<properties>
			<property name="cmake_labels" value="group:unit-engine-foundation"/>
		</properties>
		<system-out>Running main() from /home/kamil/workspace/symulator/3rdPartyLinux/vcpkg/buildtrees/gtest/src/v1.17.0-0c449efaff.clean/googletest/src/gtest_main.cc
Note: Google Test filter = UidRoundtripCases/UidRoundtripTest.EncodeDecodeRoundtrip/RollingStockVehicleType
[==========] Running 1 test from 1 test suite.
[----------] Global test environment set-up.
[----------] 1 test from UidRoundtripCases/UidRoundtripTest
[ RUN      ] UidRoundtripCases/UidRoundtripTest.EncodeDecodeRoundtrip/RollingStockVehicleType
[       OK ] UidRoundtripCases/UidRoundtripTest.EncodeDecodeRoundtrip/RollingStockVehicleType (0 ms)
[----------] 1 test from UidRoundtripCases/UidRoundtripTest (0 ms total)

[----------] Global test environment tear-down
[==========] 1 test from 1 test suite ran. (0 ms total)
[  PASSED  ] 1 test.
</system-out>
	</testcase>
	<testcase name="UidRoundtripCases/UidRoundtripTest.EncodeDecodeRoundtrip/RollingStockVehicle  # GetParam() = 16-byte object &lt;95-08 CA-19 EE-5A 00-00 01-02 01-00 E8-03 00-00&gt;" classname="UidRoundtripCases/UidRoundtripTest.EncodeDecodeRoundtrip/RollingStockVehicle  # GetParam() = 16-byte object &lt;95-08 CA-19 EE-5A 00-00 01-02 01-00 E8-03 00-00&gt;" time="0.00250783" status="run">
		<properties>
			<property name="cmake_labels" value="group:unit-engine-foundation"/>
		</properties>
		<system-out>Running main() from /home/kamil/workspace/symulator/3rdPartyLinux/vcpkg/buildtrees/gtest/src/v1.17.0-0c449efaff.clean/googletest/src/gtest_main.cc
Note: Google Test filter = UidRoundtripCases/UidRoundtripTest.EncodeDecodeRoundtrip/RollingStockVehicle
[==========] Running 1 test from 1 test suite.
[----------] Global test environment set-up.
[----------] 1 test from UidRoundtripCases/UidRoundtripTest
[ RUN      ] UidRoundtripCases/UidRoundtripTest.EncodeDecodeRoundtrip/RollingStockVehicle
[       OK ] UidRoundtripCases/UidRoundtripTest.EncodeDecodeRoundtrip/RollingStockVehicle (0 ms)
[----------] 1 test from UidRoundtripCases/UidRoundtripTest (0 ms total)

[----------] Global test environment tear-down
[==========] 1 test from 1 test suite ran. (0 ms total)
[  PASSED  ] 1 test.
</system-out>
	</testcase>
	<testcase name="UidRoundtripCases/UidRoundtripTest.EncodeDecodeRoundtrip/RollingStockTrainConsist  # GetParam() = 16-byte object &lt;A9-08 CA-19 EE-5A 00-00 01-03 00-00 07-00 00-00&gt;" classname="UidRoundtripCases/UidRoundtripTest.EncodeDecodeRoundtrip/RollingStockTrainConsist  # GetParam() = 16-byte object &lt;A9-08 CA-19 EE-5A 00-00 01-03 00-00 07-00 00-00&gt;" time="0.00249979" status="run">
		<properties>
			<property name="cmake_labels" value="group:unit-engine-foundation"/>
		</properties>
		<system-out>Running main() from /home/kamil/workspace/symulator/3rdPartyLinux/vcpkg/buildtrees/gtest/src/v1.17.0-0c449efaff.clean/googletest/src/gtest_main.cc
Note: Google Test filter = UidRoundtripCases/UidRoundtripTest.EncodeDecodeRoundtrip/RollingStockTrainConsist
[==========] Running 1 test from 1 test suite.
[----------] Global test environment set-up.
[----------] 1 test from UidRoundtripCases/UidRoundtripTest
[ RUN      ] UidRoundtripCases/UidRoundtripTest.EncodeDecodeRoundtrip/RollingStockTrainConsist
[       OK ] UidRoundtripCases/UidRoundtripTest.EncodeDecodeRoundtrip/RollingStockTrainConsist (0 ms)
[----------] 1 test from UidRoundtripCases/UidRoundtripTest (0 ms total)

[----------] Global test environment tear-down
[==========] 1 test from 1 test suite ran. (0 ms total)
[  PASSED  ] 1 test.
</system-out>
	</testcase>
	<testcase name="UidRoundtripCases/UidRoundtripTest.EncodeDecodeRoundtrip/InfraStation  # GetParam() = 16-byte object &lt;C2-08 CA-19 EE-5A 00-00 02-11 01-00 01-00 00-00&gt;" classname="UidRoundtripCases/UidRoundtripTest.EncodeDecodeRoundtrip/InfraStation  # GetParam() = 16-byte object &lt;C2-08 CA-19 EE-5A 00-00 02-11 01-00 01-00 00-00&gt;" time="0.00256797" status="run">
		<properties>
			<property name="cmake_labels" value="group:unit-engine-foundation"/>
		</properties>
		<system-out>Running main() from /home/kamil/workspace/symulator/3rdPartyLinux/vcpkg/buildtrees/gtest/src/v1.17.0-0c449efaff.clean/googletest/src/gtest_main.cc
Note: Google Test filter = UidRoundtripCases/UidRoundtripTest.EncodeDecodeRoundtrip/InfraStation
[==========] Running 1 test from 1 test suite.
[----------] Global test environment set-up.
[----------] 1 test from UidRoundtripCases/UidRoundtripTest
[ RUN      ] UidRoundtripCases/UidRoundtripTest.EncodeDecodeRoundtrip/InfraStation
[       OK ] UidRoundtripCases/UidRoundtripTest.EncodeDecodeRoundtrip/InfraStation (0 ms)
[----------] 1 test from UidRoundtripCases/UidRoundtripTest (0 ms total)

[----------] Global test environment tear-down
[==========] 1 test from 1 test suite ran. (0 ms total)
[  PASSED  ] 1 test.
</system-out>
	</testcase>
	<testcase name="UidRoundtripCases/UidRoundtripTest.EncodeDecodeRoundtrip/InfraTrackSection  # GetParam() = 16-byte object &lt;CF-08 CA-19 EE-5A 00-00 02-13 01-00 CA-00 00-00&gt;" classname="UidRoundtripCases/UidRoundtripTest.EncodeDecodeRoundtrip/InfraTrackSection  # GetParam() = 16-byte object &lt;CF-08 CA-19 EE-5A 00-00 02-13 01-00 CA-00 00-00&gt;" time="0.0025459" status="run">
		<properties>
			<property name="cmake_labels" value="group:unit-engine-foundation"/>
		</properties>
		<system-out>Running main() from /home/kamil/workspace/symulator/3rdPartyLinux/vcpkg/buildtrees/gtest/src/v1.17.0-0c449efaff.clean/googletest/src/gtest_main.cc
Note: Google Test filter = UidRoundtripCases/UidRoundtripTest.EncodeDecodeRoundtrip/InfraTrackSection
[==========] Running 1 test from 1 test suite.
[----------] Global test environment set-up.
[----------] 1 test from UidRoundtripCases/UidRoundtripTest
[ RUN      ] UidRoundtripCases/UidRoundtripTest.EncodeDecodeRoundtrip/InfraTrackSection
[       OK ] UidRoundtripCases/UidRoundtripTest.EncodeDecodeRoundtrip/InfraTrackSection (0 ms)
[----------] 1 test from UidRoundtripCases/UidRoundtripTest (0 ms total)

[----------] Global test environment tear-down
[==========] 1 test from 1 test suite ran. (0 ms total)
[  PASSED  ] 1 test.
</system-out>
	</testcase>
	<testcase name="UidRoundtripCases/UidRoundtripTest.EncodeDecodeRoundtrip/InfraSwitch  # GetParam() = 16-byte object &lt;E1-08 CA-19 EE-5A 00-00 02-14 02-00 05-00 00-00&gt;" classname="UidRoundtripCases/UidRoundtripTest.EncodeDecodeRoundtrip/InfraSwitch  # GetParam() = 16-byte object &lt;E1-08 CA-19 EE-5A 00-00 02-14 02-00 05-00 00-00&gt;" time="0.00250854" status="run">
		<properties>
			<property name="cmake_labels" value="group:unit-engine-foundation"/>
		</properties>
		<system-out>Running main() from /home/kamil/workspace/symulator/3rdPartyLinux/vcpkg/buildtrees/gtest/src/v1.17.0-0c449efaff.clean/googletest/src/gtest_main.cc
Note: Google Test filter = UidRoundtripCases/UidRoundtripTest.EncodeDecodeRoundtrip/InfraSwitch
[==========] Running 1 test from 1 test suite.
[----------] Global test environment set-up.
[----------] 1 test from UidRoundtripCases/UidRoundtripTest
[ RUN      ] UidRoundtripCases/UidRoundtripTest.EncodeDecodeRoundtrip/InfraSwitch
[       OK ] UidRoundtripCases/UidRoundtripTest.EncodeDecodeRoundtrip/InfraSwitch (0 ms)
[----------] 1 test from UidRoundtripCases/UidRoundtripTest (0 ms total)

[----------] Global test environment tear-down
[==========] 1 test from 1 test suite ran. (0 ms total)
[  PASSED  ] 1 test.
</system-out>
	</testcase>
	<testcase name="UidRoundtripCases/UidRoundtripTest.EncodeDecodeRoundtrip/InfraSignal  # GetParam() = 16-byte object &lt;ED-08 CA-19 EE-5A 00-00 02-15 01-00 01-00 00-00&gt;" classname="UidRoundtripCases/UidRoundtripTest.EncodeDecodeRoundtrip/InfraSignal  # GetParam() = 16-byte object &lt;ED-08 CA-19 EE-5A 00-00 02-15 01-00 01-00 00-00&gt;" time="0.00257498" status="run">
		<properties>
			<property name="cmake_labels" value="group:unit-engine-foundation"/>
		</properties>
		<system-out>Running main() from /home/kamil/workspace/symulator/3rdPartyLinux/vcpkg/buildtrees/gtest/src/v1.17.0-0c449efaff.clean/googletest/src/gtest_main.cc
Note: Google Test filter = UidRoundtripCases/UidRoundtripTest.EncodeDecodeRoundtrip/InfraSignal
[==========] Running 1 test from 1 test suite.
[----------] Global test environment set-up.
[----------] 1 test from UidRoundtripCases/UidRoundtripTest
[ RUN      ] UidRoundtripCases/UidRoundtripTest.EncodeDecodeRoundtrip/InfraSignal
[       OK ] UidRoundtripCases/UidRoundtripTest.EncodeDecodeRoundtrip/InfraSignal (0 ms)
[----------] 1 test from UidRoundtripCases/UidRoundtripTest (0 ms total)

[----------] Global test environment tear-down
[==========] 1 test from 1 test suite ran. (0 ms total)
[  PASSED  ] 1 test.
</system-out>
	</testcase>
	<testcase name="UidRoundtripCases/UidRoundtripTest.EncodeDecodeRoundtrip/InfraDerailer  # GetParam() = 16-byte object &lt;F9-08 CA-19 EE-5A 00-00 02-16 03-00 02-00 00-00&gt;" classname="UidRoundtripCases/UidRoundtripTest.EncodeDecodeRoundtrip/InfraDerailer  # GetParam() = 16-byte object &lt;F9-08 CA-19 EE-5A 00-00 02-16 03-00 02-00 00-00&gt;" time="0.00250265" status="run">
		<properties>
			<property name="cmake_labels" value="group:unit-engine-foundation"/>
		</properties>
		<system-out>Running main() from /home/kamil/workspace/symulator/3rdPartyLinux/vcpkg/buildtrees/gtest/src/v1.17.0-0c449efaff.clean/googletest/src/gtest_main.cc
Note: Google Test filter = UidRoundtripCases/UidRoundtripTest.EncodeDecodeRoundtrip/InfraDerailer
[==========] Running 1 test from 1 test suite.
[----------] Global test environment set-up.
[----------] 1 test from UidRoundtripCases/UidRoundtripTest
[ RUN      ] UidRoundtripCases/UidRoundtripTest.EncodeDecodeRoundtrip/InfraDerailer
[       OK ] UidRoundtripCases/UidRoundtripTest.EncodeDecodeRoundtrip/InfraDerailer (0 ms)
[----------] 1 test from UidRoundtripCases/UidRoundtripTest (0 ms total)

[----------] Global test environment tear-down
[==========] 1 test from 1 test suite ran. (0 ms total)
[  PASSED  ] 1 test.
</system-out>
	</testcase>
	<testcase name="UidRoundtripCases/UidRoundtripTest.EncodeDecodeRoundtrip/InfraBlockSection  # GetParam() = 16-byte object &lt;07-09 CA-19 EE-5A 00-00 02-17 01-00 03-00 00-00&gt;" classname="UidRoundtripCases/UidRoundtripTest.EncodeDecodeRoundtrip/InfraBlockSection  # GetParam() = 16-byte object &lt;07-09 CA-19 EE-5A 00-00 02-17 01-00 03-00 00-00&gt;" time="0.00252277" status="run">
		<properties>
			<property name="cmake_labels" value="group:unit-engine-foundation"/>
		</properties>
		<system-out>Running main() from /home/kamil/workspace/symulator/3rdPartyLinux/vcpkg/buildtrees/gtest/src/v1.17.0-0c449efaff.clean/googletest/src/gtest_main.cc
Note: Google Test filter = UidRoundtripCases/UidRoundtripTest.EncodeDecodeRoundtrip/InfraBlockSection
[==========] Running 1 test from 1 test suite.
[----------] Global test environment set-up.
[----------] 1 test from UidRoundtripCases/UidRoundtripTest
[ RUN      ] UidRoundtripCases/UidRoundtripTest.EncodeDecodeRoundtrip/InfraBlockSection
[       OK ] UidRoundtripCases/UidRoundtripTest.EncodeDecodeRoundtrip/InfraBlockSection (0 ms)
[----------] 1 test from UidRoundtripCases/UidRoundtripTest (0 ms total)

[----------] Global test environment tear-down
[==========] 1 test from 1 test suite ran. (0 ms total)
[  PASSED  ] 1 test.
</system-out>
	</testcase>
	<testcase name="UidRoundtripCases/UidRoundtripTest.EncodeDecodeRoundtrip/InfraBoundaryNode  # GetParam() = 16-byte object &lt;19-09 CA-19 EE-5A 00-00 02-18 01-00 01-00 00-00&gt;" classname="UidRoundtripCases/UidRoundtripTest.EncodeDecodeRoundtrip/InfraBoundaryNode  # GetParam() = 16-byte object &lt;19-09 CA-19 EE-5A 00-00 02-18 01-00 01-00 00-00&gt;" time="0.00335575" status="run">
		<properties>
			<property name="cmake_labels" value="group:unit-engine-foundation"/>
		</properties>
		<system-out>Running main() from /home/kamil/workspace/symulator/3rdPartyLinux/vcpkg/buildtrees/gtest/src/v1.17.0-0c449efaff.clean/googletest/src/gtest_main.cc
Note: Google Test filter = UidRoundtripCases/UidRoundtripTest.EncodeDecodeRoundtrip/InfraBoundaryNode
[==========] Running 1 test from 1 test suite.
[----------] Global test environment set-up.
[----------] 1 test from UidRoundtripCases/UidRoundtripTest
[ RUN      ] UidRoundtripCases/UidRoundtripTest.EncodeDecodeRoundtrip/InfraBoundaryNode
[       OK ] UidRoundtripCases/UidRoundtripTest.EncodeDecodeRoundtrip/InfraBoundaryNode (0 ms)
[----------] 1 test from UidRoundtripCases/UidRoundtripTest (0 ms total)

[----------] Global test environment tear-down
[==========] 1 test from 1 test suite ran. (0 ms total)
[  PASSED  ] 1 test.
</system-out>
	</testcase>
	<testcase name="UidRoundtripCases/UidRoundtripTest.EncodeDecodeRoundtrip/InfraLevelCrossing  # GetParam() = 16-byte object &lt;2B-09 CA-19 EE-5A 00-00 02-19 02-00 01-00 00-00&gt;" classname="UidRoundtripCases/UidRoundtripTest.EncodeDecodeRoundtrip/InfraLevelCrossing  # GetParam() = 16-byte object &lt;2B-09 CA-19 EE-5A 00-00 02-19 02-00 01-00 00-00&gt;" time="0.00293809" status="run">
		<properties>
			<property name="cmake_labels" value="group:unit-engine-foundation"/>
		</properties>
		<system-out>Running main() from /home/kamil/workspace/symulator/3rdPartyLinux/vcpkg/buildtrees/gtest/src/v1.17.0-0c449efaff.clean/googletest/src/gtest_main.cc
Note: Google Test filter = UidRoundtripCases/UidRoundtripTest.EncodeDecodeRoundtrip/InfraLevelCrossing
[==========] Running 1 test from 1 test suite.
[----------] Global test environment set-up.
[----------] 1 test from UidRoundtripCases/UidRoundtripTest
[ RUN      ] UidRoundtripCases/UidRoundtripTest.EncodeDecodeRoundtrip/InfraLevelCrossing
[       OK ] UidRoundtripCases/UidRoundtripTest.EncodeDecodeRoundtrip/InfraLevelCrossing (0 ms)
[----------] 1 test from UidRoundtripCases/UidRoundtripTest (0 ms total)

[----------] Global test environment tear-down
[==========] 1 test from 1 test suite ran. (0 ms total)
[  PASSED  ] 1 test.
</system-out>
	</testcase>
	<testcase name="UidRoundtripCases/UidRoundtripTest.EncodeDecodeRoundtrip/InfraAxleCounter  # GetParam() = 16-byte object &lt;3E-09 CA-19 EE-5A 00-00 02-1A 01-00 04-00 00-00&gt;" classname="UidRoundtripCases/UidRoundtripTest.EncodeDecodeRoundtrip/InfraAxleCounter  # GetParam() = 16-byte object &lt;3E-09 CA-19 EE-5A 00-00 02-1A 01-00 04-00 00-00&gt;" time="0.00285674" status="run">
		<properties>
			<property name="cmake_labels" value="group:unit-engine-foundation"/>
		</properties>
		<system-out>Running main() from /home/kamil/workspace/symulator/3rdPartyLinux/vcpkg/buildtrees/gtest/src/v1.17.0-0c449efaff.clean/googletest/src/gtest_main.cc
Note: Google Test filter = UidRoundtripCases/UidRoundtripTest.EncodeDecodeRoundtrip/InfraAxleCounter
[==========] Running 1 test from 1 test suite.
[----------] Global test environment set-up.
[----------] 1 test from UidRoundtripCases/UidRoundtripTest
[ RUN      ] UidRoundtripCases/UidRoundtripTest.EncodeDecodeRoundtrip/InfraAxleCounter
[       OK ] UidRoundtripCases/UidRoundtripTest.EncodeDecodeRoundtrip/InfraAxleCounter (0 ms)
[----------] 1 test from UidRoundtripCases/UidRoundtripTest (0 ms total)

[----------] Global test environment tear-down
[==========] 1 test from 1 test suite ran. (0 ms total)
[  PASSED  ] 1 test.
</system-out>
	</testcase>
	<testcase name="UidRoundtripCases/UidRoundtripTest.EncodeDecodeRoundtrip/InfraInterlocking  # GetParam() = 16-byte object &lt;4F-09 CA-19 EE-5A 00-00 02-1B 03-00 01-00 00-00&gt;" classname="UidRoundtripCases/UidRoundtripTest.EncodeDecodeRoundtrip/InfraInterlocking  # GetParam() = 16-byte object &lt;4F-09 CA-19 EE-5A 00-00 02-1B 03-00 01-00 00-00&gt;" time="0.00260088" status="run">
		<properties>
			<property name="cmake_labels" value="group:unit-engine-foundation"/>
		</properties>
		<system-out>Running main() from /home/kamil/workspace/symulator/3rdPartyLinux/vcpkg/buildtrees/gtest/src/v1.17.0-0c449efaff.clean/googletest/src/gtest_main.cc
Note: Google Test filter = UidRoundtripCases/UidRoundtripTest.EncodeDecodeRoundtrip/InfraInterlocking
[==========] Running 1 test from 1 test suite.
[----------] Global test environment set-up.
[----------] 1 test from UidRoundtripCases/UidRoundtripTest
[ RUN      ] UidRoundtripCases/UidRoundtripTest.EncodeDecodeRoundtrip/InfraInterlocking
[       OK ] UidRoundtripCases/UidRoundtripTest.EncodeDecodeRoundtrip/InfraInterlocking (0 ms)
[----------] 1 test from UidRoundtripCases/UidRoundtripTest (0 ms total)

[----------] Global test environment tear-down
[==========] 1 test from 1 test suite ran. (0 ms total)
[  PASSED  ] 1 test.
</system-out>
	</testcase>
	<testcase name="UidRoundtripCases/UidRoundtripTest.EncodeDecodeRoundtrip/InfraPowerSupply  # GetParam() = 16-byte object &lt;61-09 CA-19 EE-5A 00-00 02-1C 01-00 01-00 00-00&gt;" classname="UidRoundtripCases/UidRoundtripTest.EncodeDecodeRoundtrip/InfraPowerSupply  # GetParam() = 16-byte object &lt;61-09 CA-19 EE-5A 00-00 02-1C 01-00 01-00 00-00&gt;" time="0.00304596" status="run">
		<properties>
			<property name="cmake_labels" value="group:unit-engine-foundation"/>
		</properties>
		<system-out>Running main() from /home/kamil/workspace/symulator/3rdPartyLinux/vcpkg/buildtrees/gtest/src/v1.17.0-0c449efaff.clean/googletest/src/gtest_main.cc
Note: Google Test filter = UidRoundtripCases/UidRoundtripTest.EncodeDecodeRoundtrip/InfraPowerSupply
[==========] Running 1 test from 1 test suite.
[----------] Global test environment set-up.
[----------] 1 test from UidRoundtripCases/UidRoundtripTest
[ RUN      ] UidRoundtripCases/UidRoundtripTest.EncodeDecodeRoundtrip/InfraPowerSupply
[       OK ] UidRoundtripCases/UidRoundtripTest.EncodeDecodeRoundtrip/InfraPowerSupply (0 ms)
[----------] 1 test from UidRoundtripCases/UidRoundtripTest (0 ms total)

[----------] Global test environment tear-down
[==========] 1 test from 1 test suite ran. (0 ms total)
[  PASSED  ] 1 test.
</system-out>
	</testcase>
	<testcase name="UidRoundtripCases/UidRoundtripTest.EncodeDecodeRoundtrip/InfraDispatchArea  # GetParam() = 16-byte object &lt;72-09 CA-19 EE-5A 00-00 02-12 03-00 01-00 00-00&gt;" classname="UidRoundtripCases/UidRoundtripTest.EncodeDecodeRoundtrip/InfraDispatchArea  # GetParam() = 16-byte object &lt;72-09 CA-19 EE-5A 00-00 02-12 03-00 01-00 00-00&gt;" time="0.00283864" status="run">
		<properties>
			<property name="cmake_labels" value="group:unit-engine-foundation"/>
		</properties>
		<system-out>Running main() from /home/kamil/workspace/symulator/3rdPartyLinux/vcpkg/buildtrees/gtest/src/v1.17.0-0c449efaff.clean/googletest/src/gtest_main.cc
Note: Google Test filter = UidRoundtripCases/UidRoundtripTest.EncodeDecodeRoundtrip/InfraDispatchArea
[==========] Running 1 test from 1 test suite.
[----------] Global test environment set-up.
[----------] 1 test from UidRoundtripCases/UidRoundtripTest
[ RUN      ] UidRoundtripCases/UidRoundtripTest.EncodeDecodeRoundtrip/InfraDispatchArea
[       OK ] UidRoundtripCases/UidRoundtripTest.EncodeDecodeRoundtrip/InfraDispatchArea (0 ms)
[----------] 1 test from UidRoundtripCases/UidRoundtripTest (0 ms total)

[----------] Global test environment tear-down
[==========] 1 test from 1 test suite ran. (0 ms total)
[  PASSED  ] 1 test.
</system-out>
	</testcase>
	<testcase name="UidRoundtripCases/UidRoundtripTest.EncodeDecodeRoundtrip/OpsRoute  # GetParam() = 16-byte object &lt;84-09 CA-19 EE-5A 00-00 03-21 01-00 05-00 00-00&gt;" classname="UidRoundtripCases/UidRoundtripTest.EncodeDecodeRoundtrip/OpsRoute  # GetParam() = 16-byte object &lt;84-09 CA-19 EE-5A 00-00 03-21 01-00 05-00 00-00&gt;" time="0.00281811" status="run">
		<properties>
			<property name="cmake_labels" value="group:unit-engine-foundation"/>
		</properties>
		<system-out>Running main() from /home/kamil/workspace/symulator/3rdPartyLinux/vcpkg/buildtrees/gtest/src/v1.17.0-0c449efaff.clean/googletest/src/gtest_main.cc
Note: Google Test filter = UidRoundtripCases/UidRoundtripTest.EncodeDecodeRoundtrip/OpsRoute
[==========] Running 1 test from 1 test suite.
[----------] Global test environment set-up.
[----------] 1 test from UidRoundtripCases/UidRoundtripTest
[ RUN      ] UidRoundtripCases/UidRoundtripTest.EncodeDecodeRoundtrip/OpsRoute
[       OK ] UidRoundtripCases/UidRoundtripTest.EncodeDecodeRoundtrip/OpsRoute (0 ms)
[----------] 1 test from UidRoundtripCases/UidRoundtripTest (0 ms total)

[----------] Global test environment tear-down
[==========] 1 test from 1 test suite ran. (0 ms total)
[  PASSED  ] 1 test.
</system-out>
	</testcase>
	<testcase name="UidRoundtripCases/UidRoundtripTest.EncodeDecodeRoundtrip/OpsAlarm  # GetParam() = 16-byte object &lt;8D-09 CA-19 EE-5A 00-00 03-22 00-00 01-00 00-00&gt;" classname="UidRoundtripCases/UidRoundtripTest.EncodeDecodeRoundtrip/OpsAlarm  # GetParam() = 16-byte object &lt;8D-09 CA-19 EE-5A 00-00 03-22 00-00 01-00 00-00&gt;" time="0.00262031" status="run">
		<properties>
			<property name="cmake_labels" value="group:unit-engine-foundation"/>
		</properties>
		<system-out>Running main() from /home/kamil/workspace/symulator/3rdPartyLinux/vcpkg/buildtrees/gtest/src/v1.17.0-0c449efaff.clean/googletest/src/gtest_main.cc
Note: Google Test filter = UidRoundtripCases/UidRoundtripTest.EncodeDecodeRoundtrip/OpsAlarm
[==========] Running 1 test from 1 test suite.
[----------] Global test environment set-up.
[----------] 1 test from UidRoundtripCases/UidRoundtripTest
[ RUN      ] UidRoundtripCases/UidRoundtripTest.EncodeDecodeRoundtrip/OpsAlarm
[       OK ] UidRoundtripCases/UidRoundtripTest.EncodeDecodeRoundtrip/OpsAlarm (0 ms)
[----------] 1 test from UidRoundtripCases/UidRoundtripTest (0 ms total)

[----------] Global test environment tear-down
[==========] 1 test from 1 test suite ran. (0 ms total)
[  PASSED  ] 1 test.
</system-out>
	</testcase>
	<testcase name="UidRoundtripCases/UidRoundtripTest.EncodeDecodeRoundtrip/OpsDispatchExchange  # GetParam() = 16-byte object &lt;96-09 CA-19 EE-5A 00-00 03-23 02-00 03-00 00-00&gt;" classname="UidRoundtripCases/UidRoundtripTest.EncodeDecodeRoundtrip/OpsDispatchExchange  # GetParam() = 16-byte object &lt;96-09 CA-19 EE-5A 00-00 03-23 02-00 03-00 00-00&gt;" time="0.00310175" status="run">
		<properties>
			<property name="cmake_labels" value="group:unit-engine-foundation"/>
		</properties>
		<system-out>Running main() from /home/kamil/workspace/symulator/3rdPartyLinux/vcpkg/buildtrees/gtest/src/v1.17.0-0c449efaff.clean/googletest/src/gtest_main.cc
Note: Google Test filter = UidRoundtripCases/UidRoundtripTest.EncodeDecodeRoundtrip/OpsDispatchExchange
[==========] Running 1 test from 1 test suite.
[----------] Global test environment set-up.
[----------] 1 test from UidRoundtripCases/UidRoundtripTest
[ RUN      ] UidRoundtripCases/UidRoundtripTest.EncodeDecodeRoundtrip/OpsDispatchExchange
[       OK ] UidRoundtripCases/UidRoundtripTest.EncodeDecodeRoundtrip/OpsDispatchExchange (0 ms)
[----------] 1 test from UidRoundtripCases/UidRoundtripTest (0 ms total)

[----------] Global test environment tear-down
[==========] 1 test from 1 test suite ran. (0 ms total)
[  PASSED  ] 1 test.
</system-out>
	</testcase>
	<testcase name="UidBoundaryCases/UidBoundaryTest.PreservesScopeInstanceAndJsonSafety/MaxScopeAndInstance  # GetParam() = 16-byte object &lt;02-0A CA-19 EE-5A 00-00 02-13 FF-FF FF-FF 00-00&gt;" classname="UidBoundaryCases/UidBoundaryTest.PreservesScopeInstanceAndJsonSafety/MaxScopeAndInstance  # GetParam() = 16-byte object &lt;02-0A CA-19 EE-5A 00-00 02-13 FF-FF FF-FF 00-00&gt;" time="0.00285029" status="run">
		<properties>
			<property name="cmake_labels" value="group:unit-engine-foundation"/>
		</properties>
		<system-out>Running main() from /home/kamil/workspace/symulator/3rdPartyLinux/vcpkg/buildtrees/gtest/src/v1.17.0-0c449efaff.clean/googletest/src/gtest_main.cc
Note: Google Test filter = UidBoundaryCases/UidBoundaryTest.PreservesScopeInstanceAndJsonSafety/MaxScopeAndInstance
[==========] Running 1 test from 1 test suite.
[----------] Global test environment set-up.
[----------] 1 test from UidBoundaryCases/UidBoundaryTest
[ RUN      ] UidBoundaryCases/UidBoundaryTest.PreservesScopeInstanceAndJsonSafety/MaxScopeAndInstance
[       OK ] UidBoundaryCases/UidBoundaryTest.PreservesScopeInstanceAndJsonSafety/MaxScopeAndInstance (0 ms)
[----------] 1 test from UidBoundaryCases/UidBoundaryTest (0 ms total)

[----------] Global test environment tear-down
[==========] 1 test from 1 test suite ran. (0 ms total)
[  PASSED  ] 1 test.
</system-out>
	</testcase>
	<testcase name="UidBoundaryCases/UidBoundaryTest.PreservesScopeInstanceAndJsonSafety/MaxDomainAndKind  # GetParam() = 16-byte object &lt;16-0A CA-19 EE-5A 00-00 03-23 FF-FF FF-FF 00-00&gt;" classname="UidBoundaryCases/UidBoundaryTest.PreservesScopeInstanceAndJsonSafety/MaxDomainAndKind  # GetParam() = 16-byte object &lt;16-0A CA-19 EE-5A 00-00 03-23 FF-FF FF-FF 00-00&gt;" time="0.00302776" status="run">
		<properties>
			<property name="cmake_labels" value="group:unit-engine-foundation"/>
		</properties>
		<system-out>Running main() from /home/kamil/workspace/symulator/3rdPartyLinux/vcpkg/buildtrees/gtest/src/v1.17.0-0c449efaff.clean/googletest/src/gtest_main.cc
Note: Google Test filter = UidBoundaryCases/UidBoundaryTest.PreservesScopeInstanceAndJsonSafety/MaxDomainAndKind
[==========] Running 1 test from 1 test suite.
[----------] Global test environment set-up.
[----------] 1 test from UidBoundaryCases/UidBoundaryTest
[ RUN      ] UidBoundaryCases/UidBoundaryTest.PreservesScopeInstanceAndJsonSafety/MaxDomainAndKind
[       OK ] UidBoundaryCases/UidBoundaryTest.PreservesScopeInstanceAndJsonSafety/MaxDomainAndKind (0 ms)
[----------] 1 test from UidBoundaryCases/UidBoundaryTest (0 ms total)

[----------] Global test environment tear-down
[==========] 1 test from 1 test suite ran. (0 ms total)
[  PASSED  ] 1 test.
</system-out>
	</testcase>
	<testcase name="UidCollisionCases/UidCollisionTest.DistinctInputsDoNotCollide/DifferentKindsTrackVsSignal  # GetParam() = 24-byte object &lt;B7-0A CA-19 EE-5A 00-00 02-13 01-00 01-00 02-15 01-00 01-00 00-00 00-00&gt;" classname="UidCollisionCases/UidCollisionTest.DistinctInputsDoNotCollide/DifferentKindsTrackVsSignal  # GetParam() = 24-byte object &lt;B7-0A CA-19 EE-5A 00-00 02-13 01-00 01-00 02-15 01-00 01-00 00-00 00-00&gt;" time="0.00290088" status="run">
		<properties>
			<property name="cmake_labels" value="group:unit-engine-foundation"/>
		</properties>
		<system-out>Running main() from /home/kamil/workspace/symulator/3rdPartyLinux/vcpkg/buildtrees/gtest/src/v1.17.0-0c449efaff.clean/googletest/src/gtest_main.cc
Note: Google Test filter = UidCollisionCases/UidCollisionTest.DistinctInputsDoNotCollide/DifferentKindsTrackVsSignal
[==========] Running 1 test from 1 test suite.
[----------] Global test environment set-up.
[----------] 1 test from UidCollisionCases/UidCollisionTest
[ RUN      ] UidCollisionCases/UidCollisionTest.DistinctInputsDoNotCollide/DifferentKindsTrackVsSignal
[       OK ] UidCollisionCases/UidCollisionTest.DistinctInputsDoNotCollide/DifferentKindsTrackVsSignal (0 ms)
[----------] 1 test from UidCollisionCases/UidCollisionTest (0 ms total)

[----------] Global test environment tear-down
[==========] 1 test from 1 test suite ran. (0 ms total)
[  PASSED  ] 1 test.
</system-out>
	</testcase>
	<testcase name="UidCollisionCases/UidCollisionTest.DistinctInputsDoNotCollide/DifferentKindsTrackVsSwitch  # GetParam() = 24-byte object &lt;D3-0A CA-19 EE-5A 00-00 02-13 01-00 01-00 02-14 01-00 01-00 00-00 00-00&gt;" classname="UidCollisionCases/UidCollisionTest.DistinctInputsDoNotCollide/DifferentKindsTrackVsSwitch  # GetParam() = 24-byte object &lt;D3-0A CA-19 EE-5A 00-00 02-13 01-00 01-00 02-14 01-00 01-00 00-00 00-00&gt;" time="0.00268953" status="run">
		<properties>
			<property name="cmake_labels" value="group:unit-engine-foundation"/>
		</properties>
		<system-out>Running main() from /home/kamil/workspace/symulator/3rdPartyLinux/vcpkg/buildtrees/gtest/src/v1.17.0-0c449efaff.clean/googletest/src/gtest_main.cc
Note: Google Test filter = UidCollisionCases/UidCollisionTest.DistinctInputsDoNotCollide/DifferentKindsTrackVsSwitch
[==========] Running 1 test from 1 test suite.
[----------] Global test environment set-up.
[----------] 1 test from UidCollisionCases/UidCollisionTest
[ RUN      ] UidCollisionCases/UidCollisionTest.DistinctInputsDoNotCollide/DifferentKindsTrackVsSwitch
[       OK ] UidCollisionCases/UidCollisionTest.DistinctInputsDoNotCollide/DifferentKindsTrackVsSwitch (0 ms)
[----------] 1 test from UidCollisionCases/UidCollisionTest (0 ms total)

[----------] Global test environment tear-down
[==========] 1 test from 1 test suite ran. (0 ms total)
[  PASSED  ] 1 test.
</system-out>
	</testcase>
	<testcase name="UidCollisionCases/UidCollisionTest.DistinctInputsDoNotCollide/DifferentScopes  # GetParam() = 24-byte object &lt;EF-0A CA-19 EE-5A 00-00 02-15 01-00 01-00 02-15 02-00 01-00 00-00 00-00&gt;" classname="UidCollisionCases/UidCollisionTest.DistinctInputsDoNotCollide/DifferentScopes  # GetParam() = 24-byte object &lt;EF-0A CA-19 EE-5A 00-00 02-15 01-00 01-00 02-15 02-00 01-00 00-00 00-00&gt;" time="0.00257568" status="run">
		<properties>
			<property name="cmake_labels" value="group:unit-engine-foundation"/>
		</properties>
		<system-out>Running main() from /home/kamil/workspace/symulator/3rdPartyLinux/vcpkg/buildtrees/gtest/src/v1.17.0-0c449efaff.clean/googletest/src/gtest_main.cc
Note: Google Test filter = UidCollisionCases/UidCollisionTest.DistinctInputsDoNotCollide/DifferentScopes
[==========] Running 1 test from 1 test suite.
[----------] Global test environment set-up.
[----------] 1 test from UidCollisionCases/UidCollisionTest
[ RUN      ] UidCollisionCases/UidCollisionTest.DistinctInputsDoNotCollide/DifferentScopes
[       OK ] UidCollisionCases/UidCollisionTest.DistinctInputsDoNotCollide/DifferentScopes (0 ms)
[----------] 1 test from UidCollisionCases/UidCollisionTest (0 ms total)

[----------] Global test environment tear-down
[==========] 1 test from 1 test suite ran. (0 ms total)
[  PASSED  ] 1 test.
</system-out>
	</testcase>
	<testcase name="UidCollisionCases/UidCollisionTest.DistinctInputsDoNotCollide/DifferentInstances  # GetParam() = 24-byte object &lt;FF-0A CA-19 EE-5A 00-00 02-15 01-00 01-00 02-15 01-00 02-00 00-00 00-00&gt;" classname="UidCollisionCases/UidCollisionTest.DistinctInputsDoNotCollide/DifferentInstances  # GetParam() = 24-byte object &lt;FF-0A CA-19 EE-5A 00-00 02-15 01-00 01-00 02-15 01-00 02-00 00-00 00-00&gt;" time="0.00327458" status="run">
		<properties>
			<property name="cmake_labels" value="group:unit-engine-foundation"/>
		</properties>
		<system-out>Running main() from /home/kamil/workspace/symulator/3rdPartyLinux/vcpkg/buildtrees/gtest/src/v1.17.0-0c449efaff.clean/googletest/src/gtest_main.cc
Note: Google Test filter = UidCollisionCases/UidCollisionTest.DistinctInputsDoNotCollide/DifferentInstances
[==========] Running 1 test from 1 test suite.
[----------] Global test environment set-up.
[----------] 1 test from UidCollisionCases/UidCollisionTest
[ RUN      ] UidCollisionCases/UidCollisionTest.DistinctInputsDoNotCollide/DifferentInstances
[       OK ] UidCollisionCases/UidCollisionTest.DistinctInputsDoNotCollide/DifferentInstances (0 ms)
[----------] 1 test from UidCollisionCases/UidCollisionTest (0 ms total)

[----------] Global test environment tear-down
[==========] 1 test from 1 test suite ran. (0 ms total)
[  PASSED  ] 1 test.
</system-out>
	</testcase>
	<testcase name="UidCollisionCases/UidCollisionTest.DistinctInputsDoNotCollide/DifferentDomains  # GetParam() = 24-byte object &lt;12-0B CA-19 EE-5A 00-00 01-01 01-00 01-00 02-11 01-00 01-00 00-00 00-00&gt;" classname="UidCollisionCases/UidCollisionTest.DistinctInputsDoNotCollide/DifferentDomains  # GetParam() = 24-byte object &lt;12-0B CA-19 EE-5A 00-00 01-01 01-00 01-00 02-11 01-00 01-00 00-00 00-00&gt;" time="0.00291393" status="run">
		<properties>
			<property name="cmake_labels" value="group:unit-engine-foundation"/>
		</properties>
		<system-out>Running main() from /home/kamil/workspace/symulator/3rdPartyLinux/vcpkg/buildtrees/gtest/src/v1.17.0-0c449efaff.clean/googletest/src/gtest_main.cc
Note: Google Test filter = UidCollisionCases/UidCollisionTest.DistinctInputsDoNotCollide/DifferentDomains
[==========] Running 1 test from 1 test suite.
[----------] Global test environment set-up.
[----------] 1 test from UidCollisionCases/UidCollisionTest
[ RUN      ] UidCollisionCases/UidCollisionTest.DistinctInputsDoNotCollide/DifferentDomains
[       OK ] UidCollisionCases/UidCollisionTest.DistinctInputsDoNotCollide/DifferentDomains (0 ms)
[----------] 1 test from UidCollisionCases/UidCollisionTest (0 ms total)

[----------] Global test environment tear-down
[==========] 1 test from 1 test suite ran. (0 ms total)
[  PASSED  ] 1 test.
</system-out>
	</testcase>
	<testcase name="UidHasKindCases/UidHasKindTest.MatchesExpectedDomainAndKind/TrueMatch  # GetParam() = 24-byte object &lt;AC-0B CA-19 EE-5A 00-00 01-00 01-00 15-02 00-00 02-15 01-00 00-00 00-00&gt;" classname="UidHasKindCases/UidHasKindTest.MatchesExpectedDomainAndKind/TrueMatch  # GetParam() = 24-byte object &lt;AC-0B CA-19 EE-5A 00-00 01-00 01-00 15-02 00-00 02-15 01-00 00-00 00-00&gt;" time="0.0026092" status="run">
		<properties>
			<property name="cmake_labels" value="group:unit-engine-foundation"/>
		</properties>
		<system-out>Running main() from /home/kamil/workspace/symulator/3rdPartyLinux/vcpkg/buildtrees/gtest/src/v1.17.0-0c449efaff.clean/googletest/src/gtest_main.cc
Note: Google Test filter = UidHasKindCases/UidHasKindTest.MatchesExpectedDomainAndKind/TrueMatch
[==========] Running 1 test from 1 test suite.
[----------] Global test environment set-up.
[----------] 1 test from UidHasKindCases/UidHasKindTest
[ RUN      ] UidHasKindCases/UidHasKindTest.MatchesExpectedDomainAndKind/TrueMatch
[       OK ] UidHasKindCases/UidHasKindTest.MatchesExpectedDomainAndKind/TrueMatch (0 ms)
[----------] 1 test from UidHasKindCases/UidHasKindTest (0 ms total)

[----------] Global test environment tear-down
[==========] 1 test from 1 test suite ran. (0 ms total)
[  PASSED  ] 1 test.
</system-out>
	</testcase>
	<testcase name="UidHasKindCases/UidHasKindTest.MatchesExpectedDomainAndKind/FalseWrongDomain  # GetParam() = 24-byte object &lt;B6-0B CA-19 EE-5A 00-00 01-00 00-00 02-01 00-00 02-02 00-00 00-00 00-00&gt;" classname="UidHasKindCases/UidHasKindTest.MatchesExpectedDomainAndKind/FalseWrongDomain  # GetParam() = 24-byte object &lt;B6-0B CA-19 EE-5A 00-00 01-00 00-00 02-01 00-00 02-02 00-00 00-00 00-00&gt;" time="0.00258304" status="run">
		<properties>
			<property name="cmake_labels" value="group:unit-engine-foundation"/>
		</properties>
		<system-out>Running main() from /home/kamil/workspace/symulator/3rdPartyLinux/vcpkg/buildtrees/gtest/src/v1.17.0-0c449efaff.clean/googletest/src/gtest_main.cc
Note: Google Test filter = UidHasKindCases/UidHasKindTest.MatchesExpectedDomainAndKind/FalseWrongDomain
[==========] Running 1 test from 1 test suite.
[----------] Global test environment set-up.
[----------] 1 test from UidHasKindCases/UidHasKindTest
[ RUN      ] UidHasKindCases/UidHasKindTest.MatchesExpectedDomainAndKind/FalseWrongDomain
[       OK ] UidHasKindCases/UidHasKindTest.MatchesExpectedDomainAndKind/FalseWrongDomain (0 ms)
[----------] 1 test from UidHasKindCases/UidHasKindTest (0 ms total)

[----------] Global test environment tear-down
[==========] 1 test from 1 test suite ran. (0 ms total)
[  PASSED  ] 1 test.
</system-out>
	</testcase>
	<testcase name="UidHasKindCases/UidHasKindTest.MatchesExpectedDomainAndKind/FalseWrongKind  # GetParam() = 24-byte object &lt;C7-0B CA-19 EE-5A 00-00 01-00 01-00 14-02 00-00 02-15 00-00 00-00 00-00&gt;" classname="UidHasKindCases/UidHasKindTest.MatchesExpectedDomainAndKind/FalseWrongKind  # GetParam() = 24-byte object &lt;C7-0B CA-19 EE-5A 00-00 01-00 01-00 14-02 00-00 02-15 00-00 00-00 00-00&gt;" time="0.00263423" status="run">
		<properties>
			<property name="cmake_labels" value="group:unit-engine-foundation"/>
		</properties>
		<system-out>Running main() from /home/kamil/workspace/symulator/3rdPartyLinux/vcpkg/buildtrees/gtest/src/v1.17.0-0c449efaff.clean/googletest/src/gtest_main.cc
Note: Google Test filter = UidHasKindCases/UidHasKindTest.MatchesExpectedDomainAndKind/FalseWrongKind
[==========] Running 1 test from 1 test suite.
[----------] Global test environment set-up.
[----------] 1 test from UidHasKindCases/UidHasKindTest
[ RUN      ] UidHasKindCases/UidHasKindTest.MatchesExpectedDomainAndKind/FalseWrongKind
[       OK ] UidHasKindCases/UidHasKindTest.MatchesExpectedDomainAndKind/FalseWrongKind (0 ms)
[----------] 1 test from UidHasKindCases/UidHasKindTest (0 ms total)

[----------] Global test environment tear-down
[==========] 1 test from 1 test suite ran. (0 ms total)
[  PASSED  ] 1 test.
</system-out>
	</testcase>
	<testcase name="UidKnownValueCases/UidKnownValueTest.ProducesStableRegressionValue/CarrierInstance1  # GetParam() = 24-byte object &lt;27-0C CA-19 EE-5A 00-00 01-04 00-00 01-00 00-00 01-00 00-00 04-01 00-00&gt;" classname="UidKnownValueCases/UidKnownValueTest.ProducesStableRegressionValue/CarrierInstance1  # GetParam() = 24-byte object &lt;27-0C CA-19 EE-5A 00-00 01-04 00-00 01-00 00-00 01-00 00-00 04-01 00-00&gt;" time="0.00262804" status="run">
		<properties>
			<property name="cmake_labels" value="group:unit-engine-foundation"/>
		</properties>
		<system-out>Running main() from /home/kamil/workspace/symulator/3rdPartyLinux/vcpkg/buildtrees/gtest/src/v1.17.0-0c449efaff.clean/googletest/src/gtest_main.cc
Note: Google Test filter = UidKnownValueCases/UidKnownValueTest.ProducesStableRegressionValue/CarrierInstance1
[==========] Running 1 test from 1 test suite.
[----------] Global test environment set-up.
[----------] 1 test from UidKnownValueCases/UidKnownValueTest
[ RUN      ] UidKnownValueCases/UidKnownValueTest.ProducesStableRegressionValue/CarrierInstance1
[       OK ] UidKnownValueCases/UidKnownValueTest.ProducesStableRegressionValue/CarrierInstance1 (0 ms)
[----------] 1 test from UidKnownValueCases/UidKnownValueTest (0 ms total)

[----------] Global test environment tear-down
[==========] 1 test from 1 test suite ran. (0 ms total)
[  PASSED  ] 1 test.
</system-out>
	</testcase>
	<testcase name="UidKnownValueCases/UidKnownValueTest.ProducesStableRegressionValue/StationGOr  # GetParam() = 24-byte object &lt;38-0C CA-19 EE-5A 00-00 02-11 01-00 01-00 00-00 01-00 01-00 11-02 00-00&gt;" classname="UidKnownValueCases/UidKnownValueTest.ProducesStableRegressionValue/StationGOr  # GetParam() = 24-byte object &lt;38-0C CA-19 EE-5A 00-00 02-11 01-00 01-00 00-00 01-00 01-00 11-02 00-00&gt;" time="0.00259156" status="run">
		<properties>
			<property name="cmake_labels" value="group:unit-engine-foundation"/>
		</properties>
		<system-out>Running main() from /home/kamil/workspace/symulator/3rdPartyLinux/vcpkg/buildtrees/gtest/src/v1.17.0-0c449efaff.clean/googletest/src/gtest_main.cc
Note: Google Test filter = UidKnownValueCases/UidKnownValueTest.ProducesStableRegressionValue/StationGOr
[==========] Running 1 test from 1 test suite.
[----------] Global test environment set-up.
[----------] 1 test from UidKnownValueCases/UidKnownValueTest
[ RUN      ] UidKnownValueCases/UidKnownValueTest.ProducesStableRegressionValue/StationGOr
[       OK ] UidKnownValueCases/UidKnownValueTest.ProducesStableRegressionValue/StationGOr (0 ms)
[----------] 1 test from UidKnownValueCases/UidKnownValueTest (0 ms total)

[----------] Global test environment tear-down
[==========] 1 test from 1 test suite ran. (0 ms total)
[  PASSED  ] 1 test.
</system-out>
	</testcase>
	<testcase name="UidKnownValueCases/UidKnownValueTest.ProducesStableRegressionValue/SignalGOrInstance1  # GetParam() = 24-byte object &lt;43-0C CA-19 EE-5A 00-00 02-15 01-00 01-00 00-00 01-00 01-00 15-02 00-00&gt;" classname="UidKnownValueCases/UidKnownValueTest.ProducesStableRegressionValue/SignalGOrInstance1  # GetParam() = 24-byte object &lt;43-0C CA-19 EE-5A 00-00 02-15 01-00 01-00 00-00 01-00 01-00 15-02 00-00&gt;" time="0.00259042" status="run">
		<properties>
			<property name="cmake_labels" value="group:unit-engine-foundation"/>
		</properties>
		<system-out>Running main() from /home/kamil/workspace/symulator/3rdPartyLinux/vcpkg/buildtrees/gtest/src/v1.17.0-0c449efaff.clean/googletest/src/gtest_main.cc
Note: Google Test filter = UidKnownValueCases/UidKnownValueTest.ProducesStableRegressionValue/SignalGOrInstance1
[==========] Running 1 test from 1 test suite.
[----------] Global test environment set-up.
[----------] 1 test from UidKnownValueCases/UidKnownValueTest
[ RUN      ] UidKnownValueCases/UidKnownValueTest.ProducesStableRegressionValue/SignalGOrInstance1
[       OK ] UidKnownValueCases/UidKnownValueTest.ProducesStableRegressionValue/SignalGOrInstance1 (0 ms)
[----------] 1 test from UidKnownValueCases/UidKnownValueTest (0 ms total)

[----------] Global test environment tear-down
[==========] 1 test from 1 test suite ran. (0 ms total)
[  PASSED  ] 1 test.
</system-out>
	</testcase>
	<testcase name="EntrySideCases/EntrySideDistinctTest.DistinctValues/LeftVsRight  # GetParam() = 16-byte object &lt;1D-33 CA-19 EE-5A 00-00 00-01 BE-19 EE-5A 00-00&gt;" classname="EntrySideCases/EntrySideDistinctTest.DistinctValues/LeftVsRight  # GetParam() = 16-byte object &lt;1D-33 CA-19 EE-5A 00-00 00-01 BE-19 EE-5A 00-00&gt;" time="0.00259584" status="run">
		<properties>
			<property name="cmake_labels" value="group:unit-engine-foundation"/>
		</properties>
		<system-out>Running main() from /home/kamil/workspace/symulator/3rdPartyLinux/vcpkg/buildtrees/gtest/src/v1.17.0-0c449efaff.clean/googletest/src/gtest_main.cc
Note: Google Test filter = EntrySideCases/EntrySideDistinctTest.DistinctValues/LeftVsRight
[==========] Running 1 test from 1 test suite.
[----------] Global test environment set-up.
[----------] 1 test from EntrySideCases/EntrySideDistinctTest
[ RUN      ] EntrySideCases/EntrySideDistinctTest.DistinctValues/LeftVsRight
[       OK ] EntrySideCases/EntrySideDistinctTest.DistinctValues/LeftVsRight (0 ms)
[----------] 1 test from EntrySideCases/EntrySideDistinctTest (0 ms total)

[----------] Global test environment tear-down
[==========] 1 test from 1 test suite ran. (0 ms total)
[  PASSED  ] 1 test.
</system-out>
	</testcase>
	<testcase name="TrainSlotCases/TrainSlotProjectionTest.FieldProjection/Roundtrip  # GetParam() = 64-byte object &lt;BE-34 CA-19 EE-5A 00-00 B8-7C 18-2F EE-5A 00-00 06-00 00-00 00-00 00-00 49-43 31-32 33-34 00-00 D0-7C 18-2F EE-5A 00-00 01-00 01-00 00-00 00-00 06-00 00-00 00-00 00-00 01-00 01-00 6E-64 00-3E&gt;" classname="TrainSlotCases/TrainSlotProjectionTest.FieldProjection/Roundtrip  # GetParam() = 64-byte object &lt;BE-34 CA-19 EE-5A 00-00 B8-7C 18-2F EE-5A 00-00 06-00 00-00 00-00 00-00 49-43 31-32 33-34 00-00 D0-7C 18-2F EE-5A 00-00 01-00 01-00 00-00 00-00 06-00 00-00 00-00 00-00 01-00 01-00 6E-64 00-3E&gt;" time="0.00267515" status="run">
		<properties>
			<property name="cmake_labels" value="group:unit-engine-foundation"/>
		</properties>
		<system-out>Running main() from /home/kamil/workspace/symulator/3rdPartyLinux/vcpkg/buildtrees/gtest/src/v1.17.0-0c449efaff.clean/googletest/src/gtest_main.cc
Note: Google Test filter = TrainSlotCases/TrainSlotProjectionTest.FieldProjection/Roundtrip
[==========] Running 1 test from 1 test suite.
[----------] Global test environment set-up.
[----------] 1 test from TrainSlotCases/TrainSlotProjectionTest
[ RUN      ] TrainSlotCases/TrainSlotProjectionTest.FieldProjection/Roundtrip
[       OK ] TrainSlotCases/TrainSlotProjectionTest.FieldProjection/Roundtrip (0 ms)
[----------] 1 test from TrainSlotCases/TrainSlotProjectionTest (0 ms total)

[----------] Global test environment tear-down
[==========] 1 test from 1 test suite ran. (0 ms total)
[  PASSED  ] 1 test.
</system-out>
	</testcase>
	<testcase name="TrainSlotCases/TrainSlotProjectionTest.FieldProjection/NumberSixChars  # GetParam() = 64-byte object &lt;A8-34 CA-19 EE-5A 00-00 B8-7C 18-2F EE-5A 00-00 06-00 00-00 00-00 00-00 41-42 43-31 32-33 00-00 D0-7C 18-2F EE-5A 00-00 00-00 00-00 00-00 00-00 06-00 00-00 00-00 00-00 00-00 00-00 6E-64 00-3E&gt;" classname="TrainSlotCases/TrainSlotProjectionTest.FieldProjection/NumberSixChars  # GetParam() = 64-byte object &lt;A8-34 CA-19 EE-5A 00-00 B8-7C 18-2F EE-5A 00-00 06-00 00-00 00-00 00-00 41-42 43-31 32-33 00-00 D0-7C 18-2F EE-5A 00-00 00-00 00-00 00-00 00-00 06-00 00-00 00-00 00-00 00-00 00-00 6E-64 00-3E&gt;" time="0.00256736" status="run">
		<properties>
			<property name="cmake_labels" value="group:unit-engine-foundation"/>
		</properties>
		<system-out>Running main() from /home/kamil/workspace/symulator/3rdPartyLinux/vcpkg/buildtrees/gtest/src/v1.17.0-0c449efaff.clean/googletest/src/gtest_main.cc
Note: Google Test filter = TrainSlotCases/TrainSlotProjectionTest.FieldProjection/NumberSixChars
[==========] Running 1 test from 1 test suite.
[----------] Global test environment set-up.
[----------] 1 test from TrainSlotCases/TrainSlotProjectionTest
[ RUN      ] TrainSlotCases/TrainSlotProjectionTest.FieldProjection/NumberSixChars
[       OK ] TrainSlotCases/TrainSlotProjectionTest.FieldProjection/NumberSixChars (0 ms)
[----------] 1 test from TrainSlotCases/TrainSlotProjectionTest (0 ms total)

[----------] Global test environment tear-down
[==========] 1 test from 1 test suite ran. (0 ms total)
[  PASSED  ] 1 test.
</system-out>
	</testcase>
	<testcase name="TrainSlotCases/TrainSlotProjectionTest.FieldProjection/ManuallyPlaced  # GetParam() = 64-byte object &lt;92-34 CA-19 EE-5A 00-00 B8-7C 18-2F EE-5A 00-00 06-00 00-00 00-00 00-00 54-4C 4B-35 36-37 00-00 D0-7C 18-2F EE-5A 00-00 00-01 00-00 00-00 00-00 06-00 00-00 00-00 00-00 00-01 00-00 6E-64 00-3E&gt;" classname="TrainSlotCases/TrainSlotProjectionTest.FieldProjection/ManuallyPlaced  # GetParam() = 64-byte object &lt;92-34 CA-19 EE-5A 00-00 B8-7C 18-2F EE-5A 00-00 06-00 00-00 00-00 00-00 54-4C 4B-35 36-37 00-00 D0-7C 18-2F EE-5A 00-00 00-01 00-00 00-00 00-00 06-00 00-00 00-00 00-00 00-01 00-00 6E-64 00-3E&gt;" time="0.00263206" status="run">
		<properties>
			<property name="cmake_labels" value="group:unit-engine-foundation"/>
		</properties>
		<system-out>Running main() from /home/kamil/workspace/symulator/3rdPartyLinux/vcpkg/buildtrees/gtest/src/v1.17.0-0c449efaff.clean/googletest/src/gtest_main.cc
Note: Google Test filter = TrainSlotCases/TrainSlotProjectionTest.FieldProjection/ManuallyPlaced
[==========] Running 1 test from 1 test suite.
[----------] Global test environment set-up.
[----------] 1 test from TrainSlotCases/TrainSlotProjectionTest
[ RUN      ] TrainSlotCases/TrainSlotProjectionTest.FieldProjection/ManuallyPlaced
[       OK ] TrainSlotCases/TrainSlotProjectionTest.FieldProjection/ManuallyPlaced (0 ms)
[----------] 1 test from TrainSlotCases/TrainSlotProjectionTest (0 ms total)

[----------] Global test environment tear-down
[==========] 1 test from 1 test suite ran. (0 ms total)
[  PASSED  ] 1 test.
</system-out>
	</testcase>
	<testcase name="PipSlotCases/PipSlotProjectionTest.SlotProjection/SlotAbsent  # GetParam() = 72-byte object &lt;DD-35 CA-19 EE-5A 00-00 00-00 00-00 00-00 00-00 00-00 00-00 00-00 00-00 00-00 00-00 00-00 00-00 10-E5 18-2F EE-5A 00-00 0E-00 00-00 00-00 00-00 4D-61 6E-75 61-6C 6C-79 00-6C 61-63 65-64 00-00 00-00 00-00 00-00 00-00&gt;" classname="PipSlotCases/PipSlotProjectionTest.SlotProjection/SlotAbsent  # GetParam() = 72-byte object &lt;DD-35 CA-19 EE-5A 00-00 00-00 00-00 00-00 00-00 00-00 00-00 00-00 00-00 00-00 00-00 00-00 00-00 10-E5 18-2F EE-5A 00-00 0E-00 00-00 00-00 00-00 4D-61 6E-75 61-6C 6C-79 00-6C 61-63 65-64 00-00 00-00 00-00 00-00 00-00&gt;" time="0.00268359" status="run">
		<properties>
			<property name="cmake_labels" value="group:unit-engine-foundation"/>
		</properties>
		<system-out>Running main() from /home/kamil/workspace/symulator/3rdPartyLinux/vcpkg/buildtrees/gtest/src/v1.17.0-0c449efaff.clean/googletest/src/gtest_main.cc
Note: Google Test filter = PipSlotCases/PipSlotProjectionTest.SlotProjection/SlotAbsent
[==========] Running 1 test from 1 test suite.
[----------] Global test environment set-up.
[----------] 1 test from PipSlotCases/PipSlotProjectionTest
[ RUN      ] PipSlotCases/PipSlotProjectionTest.SlotProjection/SlotAbsent
[       OK ] PipSlotCases/PipSlotProjectionTest.SlotProjection/SlotAbsent (0 ms)
[----------] 1 test from PipSlotCases/PipSlotProjectionTest (0 ms total)

[----------] Global test environment tear-down
[==========] 1 test from 1 test suite ran. (0 ms total)
[  PASSED  ] 1 test.
</system-out>
	</testcase>
	<testcase name="PipSlotCases/PipSlotProjectionTest.SlotProjection/SlotPresent  # GetParam() = 72-byte object &lt;D1-35 CA-19 EE-5A 00-00 01-00 00-00 00-00 00-00 00-E5 18-2F EE-5A 00-00 06-00 00-00 00-00 00-00 49-43 31-32 33-34 00-00 0E-00 00-00 00-00 00-00 00-00 00-75 61-6C 6C-79 01-6C 61-63 65-64 00-00 00-01 00-00 00-00 00-00&gt;" classname="PipSlotCases/PipSlotProjectionTest.SlotProjection/SlotPresent  # GetParam() = 72-byte object &lt;D1-35 CA-19 EE-5A 00-00 01-00 00-00 00-00 00-00 00-E5 18-2F EE-5A 00-00 06-00 00-00 00-00 00-00 49-43 31-32 33-34 00-00 0E-00 00-00 00-00 00-00 00-00 00-75 61-6C 6C-79 01-6C 61-63 65-64 00-00 00-01 00-00 00-00 00-00&gt;" time="0.00258266" status="run">
		<properties>
			<property name="cmake_labels" value="group:unit-engine-foundation"/>
		</properties>
		<system-out>Running main() from /home/kamil/workspace/symulator/3rdPartyLinux/vcpkg/buildtrees/gtest/src/v1.17.0-0c449efaff.clean/googletest/src/gtest_main.cc
Note: Google Test filter = PipSlotCases/PipSlotProjectionTest.SlotProjection/SlotPresent
[==========] Running 1 test from 1 test suite.
[----------] Global test environment set-up.
[----------] 1 test from PipSlotCases/PipSlotProjectionTest
[ RUN      ] PipSlotCases/PipSlotProjectionTest.SlotProjection/SlotPresent
[       OK ] PipSlotCases/PipSlotProjectionTest.SlotProjection/SlotPresent (0 ms)
[----------] 1 test from PipSlotCases/PipSlotProjectionTest (0 ms total)

[----------] Global test environment tear-down
[==========] 1 test from 1 test suite ran. (0 ms total)
[  PASSED  ] 1 test.
</system-out>
	</testcase>
	<testcase name="PipSlotCases/PipSlotProjectionTest.SlotProjection/BoundaryCrossingWithExtraInfo  # GetParam() = 72-byte object &lt;B3-35 CA-19 EE-5A 00-00 01-00 00-00 00-00 00-00 00-E5 18-2F EE-5A 00-00 06-00 00-00 00-00 00-00 54-4C 4B-35 36-37 00-00 0E-00 00-00 00-00 00-00 01-00 01-75 61-6C 6C-79 01-6C 61-63 65-64 00-00 01-01 01-01 00-00 00-00&gt;" classname="PipSlotCases/PipSlotProjectionTest.SlotProjection/BoundaryCrossingWithExtraInfo  # GetParam() = 72-byte object &lt;B3-35 CA-19 EE-5A 00-00 01-00 00-00 00-00 00-00 00-E5 18-2F EE-5A 00-00 06-00 00-00 00-00 00-00 54-4C 4B-35 36-37 00-00 0E-00 00-00 00-00 00-00 01-00 01-75 61-6C 6C-79 01-6C 61-63 65-64 00-00 01-01 01-01 00-00 00-00&gt;" time="0.00261272" status="run">
		<properties>
			<property name="cmake_labels" value="group:unit-engine-foundation"/>
		</properties>
		<system-out>Running main() from /home/kamil/workspace/symulator/3rdPartyLinux/vcpkg/buildtrees/gtest/src/v1.17.0-0c449efaff.clean/googletest/src/gtest_main.cc
Note: Google Test filter = PipSlotCases/PipSlotProjectionTest.SlotProjection/BoundaryCrossingWithExtraInfo
[==========] Running 1 test from 1 test suite.
[----------] Global test environment set-up.
[----------] 1 test from PipSlotCases/PipSlotProjectionTest
[ RUN      ] PipSlotCases/PipSlotProjectionTest.SlotProjection/BoundaryCrossingWithExtraInfo
[       OK ] PipSlotCases/PipSlotProjectionTest.SlotProjection/BoundaryCrossingWithExtraInfo (0 ms)
[----------] 1 test from PipSlotCases/PipSlotProjectionTest (0 ms total)

[----------] Global test environment tear-down
[==========] 1 test from 1 test suite ran. (0 ms total)
[  PASSED  ] 1 test.
</system-out>
	</testcase>
	<testcase name="TrainCategoryDistinct/TrainCategoryDistinctTest.DistinctValues/PassengerVsFreight  # GetParam() = 16-byte object &lt;93-37 CA-19 EE-5A 00-00 00-01 C2-27 FD-7F 00-00&gt;" classname="TrainCategoryDistinct/TrainCategoryDistinctTest.DistinctValues/PassengerVsFreight  # GetParam() = 16-byte object &lt;93-37 CA-19 EE-5A 00-00 00-01 C2-27 FD-7F 00-00&gt;" time="0.00350347" status="run">
		<properties>
			<property name="cmake_labels" value="group:unit-engine-foundation"/>
		</properties>
		<system-out>Running main() from /home/kamil/workspace/symulator/3rdPartyLinux/vcpkg/buildtrees/gtest/src/v1.17.0-0c449efaff.clean/googletest/src/gtest_main.cc
Note: Google Test filter = TrainCategoryDistinct/TrainCategoryDistinctTest.DistinctValues/PassengerVsFreight
[==========] Running 1 test from 1 test suite.
[----------] Global test environment set-up.
[----------] 1 test from TrainCategoryDistinct/TrainCategoryDistinctTest
[ RUN      ] TrainCategoryDistinct/TrainCategoryDistinctTest.DistinctValues/PassengerVsFreight
[       OK ] TrainCategoryDistinct/TrainCategoryDistinctTest.DistinctValues/PassengerVsFreight (0 ms)
[----------] 1 test from TrainCategoryDistinct/TrainCategoryDistinctTest (0 ms total)

[----------] Global test environment tear-down
[==========] 1 test from 1 test suite ran. (0 ms total)
[  PASSED  ] 1 test.
</system-out>
	</testcase>
	<testcase name="TrainCategoryDistinct/TrainCategoryDistinctTest.DistinctValues/FreightVsMaintenance  # GetParam() = 16-byte object &lt;7E-37 CA-19 EE-5A 00-00 01-02 42-60 98-DB 39-28&gt;" classname="TrainCategoryDistinct/TrainCategoryDistinctTest.DistinctValues/FreightVsMaintenance  # GetParam() = 16-byte object &lt;7E-37 CA-19 EE-5A 00-00 01-02 42-60 98-DB 39-28&gt;" time="0.00315305" status="run">
		<properties>
			<property name="cmake_labels" value="group:unit-engine-foundation"/>
		</properties>
		<system-out>Running main() from /home/kamil/workspace/symulator/3rdPartyLinux/vcpkg/buildtrees/gtest/src/v1.17.0-0c449efaff.clean/googletest/src/gtest_main.cc
Note: Google Test filter = TrainCategoryDistinct/TrainCategoryDistinctTest.DistinctValues/FreightVsMaintenance
[==========] Running 1 test from 1 test suite.
[----------] Global test environment set-up.
[----------] 1 test from TrainCategoryDistinct/TrainCategoryDistinctTest
[ RUN      ] TrainCategoryDistinct/TrainCategoryDistinctTest.DistinctValues/FreightVsMaintenance
[       OK ] TrainCategoryDistinct/TrainCategoryDistinctTest.DistinctValues/FreightVsMaintenance (0 ms)
[----------] 1 test from TrainCategoryDistinct/TrainCategoryDistinctTest (0 ms total)

[----------] Global test environment tear-down
[==========] 1 test from 1 test suite ran. (0 ms total)
[  PASSED  ] 1 test.
</system-out>
	</testcase>
	<testcase name="TrainCategoryDistinct/TrainCategoryDistinctTest.DistinctValues/PassengerVsMaintenance  # GetParam() = 16-byte object &lt;67-37 CA-19 EE-5A 00-00 00-02 C2-27 FD-7F 00-00&gt;" classname="TrainCategoryDistinct/TrainCategoryDistinctTest.DistinctValues/PassengerVsMaintenance  # GetParam() = 16-byte object &lt;67-37 CA-19 EE-5A 00-00 00-02 C2-27 FD-7F 00-00&gt;" time="0.00270725" status="run">
		<properties>
			<property name="cmake_labels" value="group:unit-engine-foundation"/>
		</properties>
		<system-out>Running main() from /home/kamil/workspace/symulator/3rdPartyLinux/vcpkg/buildtrees/gtest/src/v1.17.0-0c449efaff.clean/googletest/src/gtest_main.cc
Note: Google Test filter = TrainCategoryDistinct/TrainCategoryDistinctTest.DistinctValues/PassengerVsMaintenance
[==========] Running 1 test from 1 test suite.
[----------] Global test environment set-up.
[----------] 1 test from TrainCategoryDistinct/TrainCategoryDistinctTest
[ RUN      ] TrainCategoryDistinct/TrainCategoryDistinctTest.DistinctValues/PassengerVsMaintenance
[       OK ] TrainCategoryDistinct/TrainCategoryDistinctTest.DistinctValues/PassengerVsMaintenance (0 ms)
[----------] 1 test from TrainCategoryDistinct/TrainCategoryDistinctTest (0 ms total)

[----------] Global test environment tear-down
[==========] 1 test from 1 test suite ran. (0 ms total)
[  PASSED  ] 1 test.
</system-out>
	</testcase>
	<testcase name="DispatchFormDistinct/DispatchFormDistinctTest.DistinctValues/S2VsS24  # GetParam() = 16-byte object &lt;DC-37 CA-19 EE-5A 00-00 00-01 BB-19 EE-5A 00-00&gt;" classname="DispatchFormDistinct/DispatchFormDistinctTest.DistinctValues/S2VsS24  # GetParam() = 16-byte object &lt;DC-37 CA-19 EE-5A 00-00 00-01 BB-19 EE-5A 00-00&gt;" time="0.0029174" status="run">
		<properties>
			<property name="cmake_labels" value="group:unit-engine-foundation"/>
		</properties>
		<system-out>Running main() from /home/kamil/workspace/symulator/3rdPartyLinux/vcpkg/buildtrees/gtest/src/v1.17.0-0c449efaff.clean/googletest/src/gtest_main.cc
Note: Google Test filter = DispatchFormDistinct/DispatchFormDistinctTest.DistinctValues/S2VsS24
[==========] Running 1 test from 1 test suite.
[----------] Global test environment set-up.
[----------] 1 test from DispatchFormDistinct/DispatchFormDistinctTest
[ RUN      ] DispatchFormDistinct/DispatchFormDistinctTest.DistinctValues/S2VsS24
[       OK ] DispatchFormDistinct/DispatchFormDistinctTest.DistinctValues/S2VsS24 (0 ms)
[----------] 1 test from DispatchFormDistinct/DispatchFormDistinctTest (0 ms total)

[----------] Global test environment tear-down
[==========] 1 test from 1 test suite ran. (0 ms total)
[  PASSED  ] 1 test.
</system-out>
	</testcase>
	<testcase name="DispatchFormDistinct/DispatchFormDistinctTest.DistinctValues/S24VsS25  # GetParam() = 16-byte object &lt;D3-37 CA-19 EE-5A 00-00 01-02 C2-27 FD-7F 00-00&gt;" classname="DispatchFormDistinct/DispatchFormDistinctTest.DistinctValues/S24VsS25  # GetParam() = 16-byte object &lt;D3-37 CA-19 EE-5A 00-00 01-02 C2-27 FD-7F 00-00&gt;" time="0.0026771" status="run">
		<properties>
			<property name="cmake_labels" value="group:unit-engine-foundation"/>
		</properties>
		<system-out>Running main() from /home/kamil/workspace/symulator/3rdPartyLinux/vcpkg/buildtrees/gtest/src/v1.17.0-0c449efaff.clean/googletest/src/gtest_main.cc
Note: Google Test filter = DispatchFormDistinct/DispatchFormDistinctTest.DistinctValues/S24VsS25
[==========] Running 1 test from 1 test suite.
[----------] Global test environment set-up.
[----------] 1 test from DispatchFormDistinct/DispatchFormDistinctTest
[ RUN      ] DispatchFormDistinct/DispatchFormDistinctTest.DistinctValues/S24VsS25
[       OK ] DispatchFormDistinct/DispatchFormDistinctTest.DistinctValues/S24VsS25 (0 ms)
[----------] 1 test from DispatchFormDistinct/DispatchFormDistinctTest (0 ms total)

[----------] Global test environment tear-down
[==========] 1 test from 1 test suite ran. (0 ms total)
[  PASSED  ] 1 test.
</system-out>
	</testcase>
	<testcase name="DispatchFormDistinct/DispatchFormDistinctTest.DistinctValues/S25VsS26  # GetParam() = 16-byte object &lt;CA-37 CA-19 EE-5A 00-00 02-03 BB-19 EE-5A 00-00&gt;" classname="DispatchFormDistinct/DispatchFormDistinctTest.DistinctValues/S25VsS26  # GetParam() = 16-byte object &lt;CA-37 CA-19 EE-5A 00-00 02-03 BB-19 EE-5A 00-00&gt;" time="0.00259534" status="run">
		<properties>
			<property name="cmake_labels" value="group:unit-engine-foundation"/>
		</properties>
		<system-out>Running main() from /home/kamil/workspace/symulator/3rdPartyLinux/vcpkg/buildtrees/gtest/src/v1.17.0-0c449efaff.clean/googletest/src/gtest_main.cc
Note: Google Test filter = DispatchFormDistinct/DispatchFormDistinctTest.DistinctValues/S25VsS26
[==========] Running 1 test from 1 test suite.
[----------] Global test environment set-up.
[----------] 1 test from DispatchFormDistinct/DispatchFormDistinctTest
[ RUN      ] DispatchFormDistinct/DispatchFormDistinctTest.DistinctValues/S25VsS26
[       OK ] DispatchFormDistinct/DispatchFormDistinctTest.DistinctValues/S25VsS26 (0 ms)
[----------] 1 test from DispatchFormDistinct/DispatchFormDistinctTest (0 ms total)

[----------] Global test environment tear-down
[==========] 1 test from 1 test suite ran. (0 ms total)
[  PASSED  ] 1 test.
</system-out>
	</testcase>
	<testcase name="DispatchFormDistinct/DispatchFormDistinctTest.DistinctValues/S55VsS56  # GetParam() = 16-byte object &lt;C1-37 CA-19 EE-5A 00-00 07-08 C2-27 FD-7F 00-00&gt;" classname="DispatchFormDistinct/DispatchFormDistinctTest.DistinctValues/S55VsS56  # GetParam() = 16-byte object &lt;C1-37 CA-19 EE-5A 00-00 07-08 C2-27 FD-7F 00-00&gt;" time="0.00267182" status="run">
		<properties>
			<property name="cmake_labels" value="group:unit-engine-foundation"/>
		</properties>
		<system-out>Running main() from /home/kamil/workspace/symulator/3rdPartyLinux/vcpkg/buildtrees/gtest/src/v1.17.0-0c449efaff.clean/googletest/src/gtest_main.cc
Note: Google Test filter = DispatchFormDistinct/DispatchFormDistinctTest.DistinctValues/S55VsS56
[==========] Running 1 test from 1 test suite.
[----------] Global test environment set-up.
[----------] 1 test from DispatchFormDistinct/DispatchFormDistinctTest
[ RUN      ] DispatchFormDistinct/DispatchFormDistinctTest.DistinctValues/S55VsS56
[       OK ] DispatchFormDistinct/DispatchFormDistinctTest.DistinctValues/S55VsS56 (0 ms)
[----------] 1 test from DispatchFormDistinct/DispatchFormDistinctTest (0 ms total)

[----------] Global test environment tear-down
[==========] 1 test from 1 test suite ran. (0 ms total)
[  PASSED  ] 1 test.
</system-out>
	</testcase>
	<testcase name="TelegramDirectionDistinct/TelegramDirectionDistinctTest.DistinctValues/SentVsReceived  # GetParam() = 16-byte object &lt;04-38 CA-19 EE-5A 00-00 00-01 BE-19 EE-5A 00-00&gt;" classname="TelegramDirectionDistinct/TelegramDirectionDistinctTest.DistinctValues/SentVsReceived  # GetParam() = 16-byte object &lt;04-38 CA-19 EE-5A 00-00 00-01 BE-19 EE-5A 00-00&gt;" time="0.0025928" status="run">
		<properties>
			<property name="cmake_labels" value="group:unit-engine-foundation"/>
		</properties>
		<system-out>Running main() from /home/kamil/workspace/symulator/3rdPartyLinux/vcpkg/buildtrees/gtest/src/v1.17.0-0c449efaff.clean/googletest/src/gtest_main.cc
Note: Google Test filter = TelegramDirectionDistinct/TelegramDirectionDistinctTest.DistinctValues/SentVsReceived
[==========] Running 1 test from 1 test suite.
[----------] Global test environment set-up.
[----------] 1 test from TelegramDirectionDistinct/TelegramDirectionDistinctTest
[ RUN      ] TelegramDirectionDistinct/TelegramDirectionDistinctTest.DistinctValues/SentVsReceived
[       OK ] TelegramDirectionDistinct/TelegramDirectionDistinctTest.DistinctValues/SentVsReceived (0 ms)
[----------] 1 test from TelegramDirectionDistinct/TelegramDirectionDistinctTest (0 ms total)

[----------] Global test environment tear-down
[==========] 1 test from 1 test suite ran. (0 ms total)
[  PASSED  ] 1 test.
</system-out>
	</testcase>
	<testcase name="TelegramStatusDistinct/TelegramStatusDistinctTest.DistinctValues/PendingVsConfirmed  # GetParam() = 16-byte object &lt;59-38 CA-19 EE-5A 00-00 00-01 C2-27 FD-7F 00-00&gt;" classname="TelegramStatusDistinct/TelegramStatusDistinctTest.DistinctValues/PendingVsConfirmed  # GetParam() = 16-byte object &lt;59-38 CA-19 EE-5A 00-00 00-01 C2-27 FD-7F 00-00&gt;" time="0.00329636" status="run">
		<properties>
			<property name="cmake_labels" value="group:unit-engine-foundation"/>
		</properties>
		<system-out>Running main() from /home/kamil/workspace/symulator/3rdPartyLinux/vcpkg/buildtrees/gtest/src/v1.17.0-0c449efaff.clean/googletest/src/gtest_main.cc
Note: Google Test filter = TelegramStatusDistinct/TelegramStatusDistinctTest.DistinctValues/PendingVsConfirmed
[==========] Running 1 test from 1 test suite.
[----------] Global test environment set-up.
[----------] 1 test from TelegramStatusDistinct/TelegramStatusDistinctTest
[ RUN      ] TelegramStatusDistinct/TelegramStatusDistinctTest.DistinctValues/PendingVsConfirmed
[       OK ] TelegramStatusDistinct/TelegramStatusDistinctTest.DistinctValues/PendingVsConfirmed (0 ms)
[----------] 1 test from TelegramStatusDistinct/TelegramStatusDistinctTest (0 ms total)

[----------] Global test environment tear-down
[==========] 1 test from 1 test suite ran. (0 ms total)
[  PASSED  ] 1 test.
</system-out>
	</testcase>
	<testcase name="TelegramStatusDistinct/TelegramStatusDistinctTest.DistinctValues/ConfirmedVsRejected  # GetParam() = 16-byte object &lt;45-38 CA-19 EE-5A 00-00 01-02 42-60 98-DB 39-28&gt;" classname="TelegramStatusDistinct/TelegramStatusDistinctTest.DistinctValues/ConfirmedVsRejected  # GetParam() = 16-byte object &lt;45-38 CA-19 EE-5A 00-00 01-02 42-60 98-DB 39-28&gt;" time="0.0028964" status="run">
		<properties>
			<property name="cmake_labels" value="group:unit-engine-foundation"/>
		</properties>
		<system-out>Running main() from /home/kamil/workspace/symulator/3rdPartyLinux/vcpkg/buildtrees/gtest/src/v1.17.0-0c449efaff.clean/googletest/src/gtest_main.cc
Note: Google Test filter = TelegramStatusDistinct/TelegramStatusDistinctTest.DistinctValues/ConfirmedVsRejected
[==========] Running 1 test from 1 test suite.
[----------] Global test environment set-up.
[----------] 1 test from TelegramStatusDistinct/TelegramStatusDistinctTest
[ RUN      ] TelegramStatusDistinct/TelegramStatusDistinctTest.DistinctValues/ConfirmedVsRejected
[       OK ] TelegramStatusDistinct/TelegramStatusDistinctTest.DistinctValues/ConfirmedVsRejected (0 ms)
[----------] 1 test from TelegramStatusDistinct/TelegramStatusDistinctTest (0 ms total)

[----------] Global test environment tear-down
[==========] 1 test from 1 test suite ran. (0 ms total)
[  PASSED  ] 1 test.
</system-out>
	</testcase>
	<testcase name="TelegramStatusDistinct/TelegramStatusDistinctTest.DistinctValues/RejectedVsSuperseded  # GetParam() = 16-byte object &lt;30-38 CA-19 EE-5A 00-00 02-03 C2-27 FD-7F 00-00&gt;" classname="TelegramStatusDistinct/TelegramStatusDistinctTest.DistinctValues/RejectedVsSuperseded  # GetParam() = 16-byte object &lt;30-38 CA-19 EE-5A 00-00 02-03 C2-27 FD-7F 00-00&gt;" time="0.00304429" status="run">
		<properties>
			<property name="cmake_labels" value="group:unit-engine-foundation"/>
		</properties>
		<system-out>Running main() from /home/kamil/workspace/symulator/3rdPartyLinux/vcpkg/buildtrees/gtest/src/v1.17.0-0c449efaff.clean/googletest/src/gtest_main.cc
Note: Google Test filter = TelegramStatusDistinct/TelegramStatusDistinctTest.DistinctValues/RejectedVsSuperseded
[==========] Running 1 test from 1 test suite.
[----------] Global test environment set-up.
[----------] 1 test from TelegramStatusDistinct/TelegramStatusDistinctTest
[ RUN      ] TelegramStatusDistinct/TelegramStatusDistinctTest.DistinctValues/RejectedVsSuperseded
[       OK ] TelegramStatusDistinct/TelegramStatusDistinctTest.DistinctValues/RejectedVsSuperseded (0 ms)
[----------] 1 test from TelegramStatusDistinct/TelegramStatusDistinctTest (0 ms total)

[----------] Global test environment tear-down
[==========] 1 test from 1 test suite ran. (0 ms total)
[  PASSED  ] 1 test.
</system-out>
	</testcase>
	<testcase name="ExchangeStatusDistinct/ExchangeStatusDistinctTest.DistinctValues/IdleVsS2  # GetParam() = 16-byte object &lt;A7-38 CA-19 EE-5A 00-00 00-01 C2-27 FD-7F 00-00&gt;" classname="ExchangeStatusDistinct/ExchangeStatusDistinctTest.DistinctValues/IdleVsS2  # GetParam() = 16-byte object &lt;A7-38 CA-19 EE-5A 00-00 00-01 C2-27 FD-7F 00-00&gt;" time="0.00304174" status="run">
		<properties>
			<property name="cmake_labels" value="group:unit-engine-foundation"/>
		</properties>
		<system-out>Running main() from /home/kamil/workspace/symulator/3rdPartyLinux/vcpkg/buildtrees/gtest/src/v1.17.0-0c449efaff.clean/googletest/src/gtest_main.cc
Note: Google Test filter = ExchangeStatusDistinct/ExchangeStatusDistinctTest.DistinctValues/IdleVsS2
[==========] Running 1 test from 1 test suite.
[----------] Global test environment set-up.
[----------] 1 test from ExchangeStatusDistinct/ExchangeStatusDistinctTest
[ RUN      ] ExchangeStatusDistinct/ExchangeStatusDistinctTest.DistinctValues/IdleVsS2
[       OK ] ExchangeStatusDistinct/ExchangeStatusDistinctTest.DistinctValues/IdleVsS2 (0 ms)
[----------] 1 test from ExchangeStatusDistinct/ExchangeStatusDistinctTest (0 ms total)

[----------] Global test environment tear-down
[==========] 1 test from 1 test suite ran. (0 ms total)
[  PASSED  ] 1 test.
</system-out>
	</testcase>
[...]
Note: Google Test filter = TrainSim.MakeTrainSimStateKeepsUnknownCouplingAsBallast
[==========] Running 1 test from 1 test suite.
[----------] Global test environment set-up.
[----------] 1 test from TrainSim
[ RUN      ] TrainSim.MakeTrainSimStateKeepsUnknownCouplingAsBallast
[       OK ] TrainSim.MakeTrainSimStateKeepsUnknownCouplingAsBallast (0 ms)
[----------] 1 test from TrainSim (0 ms total)

[----------] Global test environment tear-down
[==========] 1 test from 1 test suite ran. (0 ms total)
[  PASSED  ] 1 test.
</system-out>
	</testcase>
	<testcase name="TrainSim.MakeTrainSimStateTreatsDefectiveEmuMotorAsBallast" classname="TrainSim.MakeTrainSimStateTreatsDefectiveEmuMotorAsBallast" time="0.00247123" status="run">
		<properties>
			<property name="cmake_labels" value="group:unit-engine-simulation"/>
		</properties>
		<system-out>Running main() from /home/kamil/workspace/symulator/3rdPartyLinux/vcpkg/buildtrees/gtest/src/v1.17.0-0c449efaff.clean/googletest/src/gtest_main.cc
Note: Google Test filter = TrainSim.MakeTrainSimStateTreatsDefectiveEmuMotorAsBallast
[==========] Running 1 test from 1 test suite.
[----------] Global test environment set-up.
[----------] 1 test from TrainSim
[ RUN      ] TrainSim.MakeTrainSimStateTreatsDefectiveEmuMotorAsBallast
[       OK ] TrainSim.MakeTrainSimStateTreatsDefectiveEmuMotorAsBallast (0 ms)
[----------] 1 test from TrainSim (0 ms total)

[----------] Global test environment tear-down
[==========] 1 test from 1 test suite ran. (0 ms total)
[  PASSED  ] 1 test.
</system-out>
	</testcase>
	<testcase name="TrainSim.TickUsesInjectedPolicyAndIntegrator" classname="TrainSim.TickUsesInjectedPolicyAndIntegrator" time="0.00208297" status="run">
		<properties>
			<property name="cmake_labels" value="group:unit-engine-simulation"/>
		</properties>
		<system-out>Running main() from /home/kamil/workspace/symulator/3rdPartyLinux/vcpkg/buildtrees/gtest/src/v1.17.0-0c449efaff.clean/googletest/src/gtest_main.cc
Note: Google Test filter = TrainSim.TickUsesInjectedPolicyAndIntegrator
[==========] Running 1 test from 1 test suite.
[----------] Global test environment set-up.
[----------] 1 test from TrainSim
[ RUN      ] TrainSim.TickUsesInjectedPolicyAndIntegrator
[       OK ] TrainSim.TickUsesInjectedPolicyAndIntegrator (0 ms)
[----------] 1 test from TrainSim (0 ms total)

[----------] Global test environment tear-down
[==========] 1 test from 1 test suite ran. (0 ms total)
[  PASSED  ] 1 test.
</system-out>
	</testcase>
	<testcase name="TrainSim.EmitsSectionCrossingWhenBoundaryIsPassed" classname="TrainSim.EmitsSectionCrossingWhenBoundaryIsPassed" time="0.00204241" status="run">
		<properties>
			<property name="cmake_labels" value="group:unit-engine-simulation"/>
		</properties>
		<system-out>Running main() from /home/kamil/workspace/symulator/3rdPartyLinux/vcpkg/buildtrees/gtest/src/v1.17.0-0c449efaff.clean/googletest/src/gtest_main.cc
Note: Google Test filter = TrainSim.EmitsSectionCrossingWhenBoundaryIsPassed
[==========] Running 1 test from 1 test suite.
[----------] Global test environment set-up.
[----------] 1 test from TrainSim
[ RUN      ] TrainSim.EmitsSectionCrossingWhenBoundaryIsPassed
[       OK ] TrainSim.EmitsSectionCrossingWhenBoundaryIsPassed (0 ms)
[----------] 1 test from TrainSim (0 ms total)

[----------] Global test environment tear-down
[==========] 1 test from 1 test suite ran. (0 ms total)
[  PASSED  ] 1 test.
</system-out>
	</testcase>
	<testcase name="TrainSim.StopsAtDeadEndWhenNoNextSectionProvided" classname="TrainSim.StopsAtDeadEndWhenNoNextSectionProvided" time="0.00213129" status="run">
		<properties>
			<property name="cmake_labels" value="group:unit-engine-simulation"/>
		</properties>
		<system-out>Running main() from /home/kamil/workspace/symulator/3rdPartyLinux/vcpkg/buildtrees/gtest/src/v1.17.0-0c449efaff.clean/googletest/src/gtest_main.cc
Note: Google Test filter = TrainSim.StopsAtDeadEndWhenNoNextSectionProvided
[==========] Running 1 test from 1 test suite.
[----------] Global test environment set-up.
[----------] 1 test from TrainSim
[ RUN      ] TrainSim.StopsAtDeadEndWhenNoNextSectionProvided
[       OK ] TrainSim.StopsAtDeadEndWhenNoNextSectionProvided (0 ms)
[----------] 1 test from TrainSim (0 ms total)

[----------] Global test environment tear-down
[==========] 1 test from 1 test suite ran. (0 ms total)
[  PASSED  ] 1 test.
</system-out>
	</testcase>
	<testcase name="TrainFleet_ResolveNextSection.DirectSection_ReturnsSectionUid" classname="TrainFleet_ResolveNextSection.DirectSection_ReturnsSectionUid" time="0.00233315" status="run">
		<properties>
			<property name="cmake_labels" value="group:unit-engine-simulation"/>
		</properties>
		<system-out>Running main() from /home/kamil/workspace/symulator/3rdPartyLinux/vcpkg/buildtrees/gtest/src/v1.17.0-0c449efaff.clean/googletest/src/gtest_main.cc
Note: Google Test filter = TrainFleet_ResolveNextSection.DirectSection_ReturnsSectionUid
[==========] Running 1 test from 1 test suite.
[----------] Global test environment set-up.
[----------] 1 test from TrainFleet_ResolveNextSection
[ RUN      ] TrainFleet_ResolveNextSection.DirectSection_ReturnsSectionUid
[       OK ] TrainFleet_ResolveNextSection.DirectSection_ReturnsSectionUid (0 ms)
[----------] 1 test from TrainFleet_ResolveNextSection (0 ms total)

[----------] Global test environment tear-down
[==========] 1 test from 1 test suite ran. (0 ms total)
[  PASSED  ] 1 test.
</system-out>
	</testcase>
	<testcase name="TrainFleet_ResolveNextSection.TrunkToStraight_WhenStraight" classname="TrainFleet_ResolveNextSection.TrunkToStraight_WhenStraight" time="0.00236553" status="run">
		<properties>
			<property name="cmake_labels" value="group:unit-engine-simulation"/>
		</properties>
		<system-out>Running main() from /home/kamil/workspace/symulator/3rdPartyLinux/vcpkg/buildtrees/gtest/src/v1.17.0-0c449efaff.clean/googletest/src/gtest_main.cc
Note: Google Test filter = TrainFleet_ResolveNextSection.TrunkToStraight_WhenStraight
[==========] Running 1 test from 1 test suite.
[----------] Global test environment set-up.
[----------] 1 test from TrainFleet_ResolveNextSection
[ RUN      ] TrainFleet_ResolveNextSection.TrunkToStraight_WhenStraight
[       OK ] TrainFleet_ResolveNextSection.TrunkToStraight_WhenStraight (0 ms)
[----------] 1 test from TrainFleet_ResolveNextSection (0 ms total)

[----------] Global test environment tear-down
[==========] 1 test from 1 test suite ran. (0 ms total)
[  PASSED  ] 1 test.
</system-out>
	</testcase>
	<testcase name="TrainFleet_ResolveNextSection.TrunkToDivergent_WhenDivergent" classname="TrainFleet_ResolveNextSection.TrunkToDivergent_WhenDivergent" time="0.00222176" status="run">
		<properties>
			<property name="cmake_labels" value="group:unit-engine-simulation"/>
		</properties>
		<system-out>Running main() from /home/kamil/workspace/symulator/3rdPartyLinux/vcpkg/buildtrees/gtest/src/v1.17.0-0c449efaff.clean/googletest/src/gtest_main.cc
Note: Google Test filter = TrainFleet_ResolveNextSection.TrunkToDivergent_WhenDivergent
[==========] Running 1 test from 1 test suite.
[----------] Global test environment set-up.
[----------] 1 test from TrainFleet_ResolveNextSection
[ RUN      ] TrainFleet_ResolveNextSection.TrunkToDivergent_WhenDivergent
[       OK ] TrainFleet_ResolveNextSection.TrunkToDivergent_WhenDivergent (0 ms)
[----------] 1 test from TrainFleet_ResolveNextSection (0 ms total)

[----------] Global test environment tear-down
[==========] 1 test from 1 test suite ran. (0 ms total)
[  PASSED  ] 1 test.
</system-out>
	</testcase>
	<testcase name="TrainFleet_ResolveNextSection.MovingSwitch_ReturnsNullopt" classname="TrainFleet_ResolveNextSection.MovingSwitch_ReturnsNullopt" time="0.00225038" status="run">
		<properties>
			<property name="cmake_labels" value="group:unit-engine-simulation"/>
		</properties>
		<system-out>Running main() from /home/kamil/workspace/symulator/3rdPartyLinux/vcpkg/buildtrees/gtest/src/v1.17.0-0c449efaff.clean/googletest/src/gtest_main.cc
Note: Google Test filter = TrainFleet_ResolveNextSection.MovingSwitch_ReturnsNullopt
[==========] Running 1 test from 1 test suite.
[----------] Global test environment set-up.
[----------] 1 test from TrainFleet_ResolveNextSection
[ RUN      ] TrainFleet_ResolveNextSection.MovingSwitch_ReturnsNullopt
[       OK ] TrainFleet_ResolveNextSection.MovingSwitch_ReturnsNullopt (0 ms)
[----------] 1 test from TrainFleet_ResolveNextSection (0 ms total)

[----------] Global test environment tear-down
[==========] 1 test from 1 test suite ran. (0 ms total)
[  PASSED  ] 1 test.
</system-out>
	</testcase>
	<testcase name="TrainFleet_ResolveNextSection.LegToTrunk_StraightLeg" classname="TrainFleet_ResolveNextSection.LegToTrunk_StraightLeg" time="0.00226154" status="run">
		<properties>
			<property name="cmake_labels" value="group:unit-engine-simulation"/>
		</properties>
		<system-out>Running main() from /home/kamil/workspace/symulator/3rdPartyLinux/vcpkg/buildtrees/gtest/src/v1.17.0-0c449efaff.clean/googletest/src/gtest_main.cc
Note: Google Test filter = TrainFleet_ResolveNextSection.LegToTrunk_StraightLeg
[==========] Running 1 test from 1 test suite.
[----------] Global test environment set-up.
[----------] 1 test from TrainFleet_ResolveNextSection
[ RUN      ] TrainFleet_ResolveNextSection.LegToTrunk_StraightLeg
[       OK ] TrainFleet_ResolveNextSection.LegToTrunk_StraightLeg (0 ms)
[----------] 1 test from TrainFleet_ResolveNextSection (0 ms total)

[----------] Global test environment tear-down
[==========] 1 test from 1 test suite ran. (0 ms total)
[  PASSED  ] 1 test.
</system-out>
	</testcase>
	<testcase name="TrainFleet_ResolveNextSection.BoundaryNode_IsBoundaryCrossing" classname="TrainFleet_ResolveNextSection.BoundaryNode_IsBoundaryCrossing" time="0.00226084" status="run">
		<properties>
			<property name="cmake_labels" value="group:unit-engine-simulation"/>
		</properties>
		<system-out>Running main() from /home/kamil/workspace/symulator/3rdPartyLinux/vcpkg/buildtrees/gtest/src/v1.17.0-0c449efaff.clean/googletest/src/gtest_main.cc
Note: Google Test filter = TrainFleet_ResolveNextSection.BoundaryNode_IsBoundaryCrossing
[==========] Running 1 test from 1 test suite.
[----------] Global test environment set-up.
[----------] 1 test from TrainFleet_ResolveNextSection
[ RUN      ] TrainFleet_ResolveNextSection.BoundaryNode_IsBoundaryCrossing
[       OK ] TrainFleet_ResolveNextSection.BoundaryNode_IsBoundaryCrossing (0 ms)
[----------] 1 test from TrainFleet_ResolveNextSection (0 ms total)

[----------] Global test environment tear-down
[==========] 1 test from 1 test suite ran. (0 ms total)
[  PASSED  ] 1 test.
</system-out>
	</testcase>
	<testcase name="TrainFleet_TickAll.TraversesThroughStraightSwitch" classname="TrainFleet_TickAll.TraversesThroughStraightSwitch" time="0.00215032" status="run">
		<properties>
			<property name="cmake_labels" value="group:unit-engine-simulation"/>
		</properties>
		<system-out>Running main() from /home/kamil/workspace/symulator/3rdPartyLinux/vcpkg/buildtrees/gtest/src/v1.17.0-0c449efaff.clean/googletest/src/gtest_main.cc
Note: Google Test filter = TrainFleet_TickAll.TraversesThroughStraightSwitch
[==========] Running 1 test from 1 test suite.
[----------] Global test environment set-up.
[----------] 1 test from TrainFleet_TickAll
[ RUN      ] TrainFleet_TickAll.TraversesThroughStraightSwitch
[       OK ] TrainFleet_TickAll.TraversesThroughStraightSwitch (0 ms)
[----------] 1 test from TrainFleet_TickAll (0 ms total)

[----------] Global test environment tear-down
[==========] 1 test from 1 test suite ran. (0 ms total)
[  PASSED  ] 1 test.
</system-out>
	</testcase>
	<testcase name="TrainFleet_TickAll.BoundaryNodeRemovesTrain_AndEmitsPipEvent" classname="TrainFleet_TickAll.BoundaryNodeRemovesTrain_AndEmitsPipEvent" time="0.00201012" status="run">
		<properties>
			<property name="cmake_labels" value="group:unit-engine-simulation"/>
		</properties>
		<system-out>Running main() from /home/kamil/workspace/symulator/3rdPartyLinux/vcpkg/buildtrees/gtest/src/v1.17.0-0c449efaff.clean/googletest/src/gtest_main.cc
Note: Google Test filter = TrainFleet_TickAll.BoundaryNodeRemovesTrain_AndEmitsPipEvent
[==========] Running 1 test from 1 test suite.
[----------] Global test environment set-up.
[----------] 1 test from TrainFleet_TickAll
[ RUN      ] TrainFleet_TickAll.BoundaryNodeRemovesTrain_AndEmitsPipEvent
[       OK ] TrainFleet_TickAll.BoundaryNodeRemovesTrain_AndEmitsPipEvent (0 ms)
[----------] 1 test from TrainFleet_TickAll (0 ms total)

[----------] Global test environment tear-down
[==========] 1 test from 1 test suite ran. (0 ms total)
[  PASSED  ] 1 test.
</system-out>
	</testcase>
	<testcase name="EngineLoop.StartAndStopClean" classname="EngineLoop.StartAndStopClean" time="0.00223485" status="run">
		<properties>
			<property name="cmake_labels" value="group:unit-engine-simulation"/>
		</properties>
		<system-out>Running main() from /home/kamil/workspace/symulator/3rdPartyLinux/vcpkg/buildtrees/gtest/src/v1.17.0-0c449efaff.clean/googletest/src/gtest_main.cc
Note: Google Test filter = EngineLoop.StartAndStopClean
[==========] Running 1 test from 1 test suite.
[----------] Global test environment set-up.
[----------] 1 test from EngineLoop
[ RUN      ] EngineLoop.StartAndStopClean
[       OK ] EngineLoop.StartAndStopClean (0 ms)
[----------] 1 test from EngineLoop (0 ms total)

[----------] Global test environment tear-down
[==========] 1 test from 1 test suite ran. (0 ms total)
[  PASSED  ] 1 test.
</system-out>
	</testcase>
	<testcase name="EngineLoop.TickCounterAdvances" classname="EngineLoop.TickCounterAdvances" time="0.103459" status="run">
		<properties>
			<property name="cmake_labels" value="group:unit-engine-simulation"/>
		</properties>
		<system-out>Running main() from /home/kamil/workspace/symulator/3rdPartyLinux/vcpkg/buildtrees/gtest/src/v1.17.0-0c449efaff.clean/googletest/src/gtest_main.cc
Note: Google Test filter = EngineLoop.TickCounterAdvances
[==========] Running 1 test from 1 test suite.
[----------] Global test environment set-up.
[----------] 1 test from EngineLoop
[ RUN      ] EngineLoop.TickCounterAdvances
[       OK ] EngineLoop.TickCounterAdvances (101 ms)
[----------] 1 test from EngineLoop (101 ms total)

[----------] Global test environment tear-down
[==========] 1 test from 1 test suite ran. (101 ms total)
[  PASSED  ] 1 test.
</system-out>
	</testcase>
	<testcase name="EngineLoop.SnapshotPublishedAfterTick" classname="EngineLoop.SnapshotPublishedAfterTick" time="0.00777797" status="run">
		<properties>
			<property name="cmake_labels" value="group:unit-engine-simulation"/>
		</properties>
		<system-out>Running main() from /home/kamil/workspace/symulator/3rdPartyLinux/vcpkg/buildtrees/gtest/src/v1.17.0-0c449efaff.clean/googletest/src/gtest_main.cc
Note: Google Test filter = EngineLoop.SnapshotPublishedAfterTick
[==========] Running 1 test from 1 test suite.
[----------] Global test environment set-up.
[----------] 1 test from EngineLoop
[ RUN      ] EngineLoop.SnapshotPublishedAfterTick
[       OK ] EngineLoop.SnapshotPublishedAfterTick (5 ms)
[----------] 1 test from EngineLoop (5 ms total)

[----------] Global test environment tear-down
[==========] 1 test from 1 test suite ran. (5 ms total)
[  PASSED  ] 1 test.
</system-out>
	</testcase>
	<testcase name="EngineLoop.OnTickCalledEachTick" classname="EngineLoop.OnTickCalledEachTick" time="0.0528113" status="run">
		<properties>
			<property name="cmake_labels" value="group:unit-engine-simulation"/>
		</properties>
		<system-out>Running main() from /home/kamil/workspace/symulator/3rdPartyLinux/vcpkg/buildtrees/gtest/src/v1.17.0-0c449efaff.clean/googletest/src/gtest_main.cc
Note: Google Test filter = EngineLoop.OnTickCalledEachTick
[==========] Running 1 test from 1 test suite.
[----------] Global test environment set-up.
[----------] 1 test from EngineLoop
[ RUN      ] EngineLoop.OnTickCalledEachTick
[       OK ] EngineLoop.OnTickCalledEachTick (50 ms)
[----------] 1 test from EngineLoop (50 ms total)

[----------] Global test environment tear-down
[==========] 1 test from 1 test suite ran. (50 ms total)
[  PASSED  ] 1 test.
</system-out>
	</testcase>
	<testcase name="EngineLoop.CommandIsExecuted" classname="EngineLoop.CommandIsExecuted" time="0.00726185" status="run">
		<properties>
			<property name="cmake_labels" value="group:unit-engine-simulation"/>
		</properties>
		<system-out>Running main() from /home/kamil/workspace/symulator/3rdPartyLinux/vcpkg/buildtrees/gtest/src/v1.17.0-0c449efaff.clean/googletest/src/gtest_main.cc
Note: Google Test filter = EngineLoop.CommandIsExecuted
[==========] Running 1 test from 1 test suite.
[----------] Global test environment set-up.
[----------] 1 test from EngineLoop
[ RUN      ] EngineLoop.CommandIsExecuted
[       OK ] EngineLoop.CommandIsExecuted (5 ms)
[----------] 1 test from EngineLoop (5 ms total)

[----------] Global test environment tear-down
[==========] 1 test from 1 test suite ran. (5 ms total)
[  PASSED  ] 1 test.
</system-out>
	</testcase>
	<testcase name="EngineLoop.RejectedCommandInvokesNakCallback" classname="EngineLoop.RejectedCommandInvokesNakCallback" time="0.00736825" status="run">
		<properties>
			<property name="cmake_labels" value="group:unit-engine-simulation"/>
		</properties>
		<system-out>Running main() from /home/kamil/workspace/symulator/3rdPartyLinux/vcpkg/buildtrees/gtest/src/v1.17.0-0c449efaff.clean/googletest/src/gtest_main.cc
Note: Google Test filter = EngineLoop.RejectedCommandInvokesNakCallback
[==========] Running 1 test from 1 test suite.
[----------] Global test environment set-up.
[----------] 1 test from EngineLoop
[ RUN      ] EngineLoop.RejectedCommandInvokesNakCallback
[       OK ] EngineLoop.RejectedCommandInvokesNakCallback (5 ms)
[----------] 1 test from EngineLoop (5 ms total)

[----------] Global test environment tear-down
[==========] 1 test from 1 test suite ran. (5 ms total)
[  PASSED  ] 1 test.
</system-out>
	</testcase>
	<testcase name="EngineLoop.MultipleStartCallsAreIdempotent" classname="EngineLoop.MultipleStartCallsAreIdempotent" time="0.00217154" status="run">
		<properties>
			<property name="cmake_labels" value="group:unit-engine-simulation"/>
		</properties>
		<system-out>Running main() from /home/kamil/workspace/symulator/3rdPartyLinux/vcpkg/buildtrees/gtest/src/v1.17.0-0c449efaff.clean/googletest/src/gtest_main.cc
Note: Google Test filter = EngineLoop.MultipleStartCallsAreIdempotent
[==========] Running 1 test from 1 test suite.
[----------] Global test environment set-up.
[----------] 1 test from EngineLoop
[ RUN      ] EngineLoop.MultipleStartCallsAreIdempotent
[       OK ] EngineLoop.MultipleStartCallsAreIdempotent (0 ms)
[----------] 1 test from EngineLoop (0 ms total)

[----------] Global test environment tear-down
[==========] 1 test from 1 test suite ran. (0 ms total)
[  PASSED  ] 1 test.
</system-out>
	</testcase>
	<testcase name="EngineLoop.StopWithoutStartIsNoOp" classname="EngineLoop.StopWithoutStartIsNoOp" time="0.00204815" status="run">
		<properties>
			<property name="cmake_labels" value="group:unit-engine-simulation"/>
		</properties>
		<system-out>Running main() from /home/kamil/workspace/symulator/3rdPartyLinux/vcpkg/buildtrees/gtest/src/v1.17.0-0c449efaff.clean/googletest/src/gtest_main.cc
Note: Google Test filter = EngineLoop.StopWithoutStartIsNoOp
[==========] Running 1 test from 1 test suite.
[----------] Global test environment set-up.
[----------] 1 test from EngineLoop
[ RUN      ] EngineLoop.StopWithoutStartIsNoOp
[       OK ] EngineLoop.StopWithoutStartIsNoOp (0 ms)
[----------] 1 test from EngineLoop (0 ms total)

[----------] Global test environment tear-down
[==========] 1 test from 1 test suite ran. (0 ms total)
[  PASSED  ] 1 test.
</system-out>
	</testcase>
</testsuite>
